<!DOCTYPE html>
<html>
  <head>
    <meta charset="utf-8"/>
    <title>Test Report</title>
    <link href="assets/style.css" rel="stylesheet" type="text/css"/></head>
  <body onLoad="init()">
    <script>/* This Source Code Form is subject to the terms of the Mozilla Public
 * License, v. 2.0. If a copy of the MPL was not distributed with this file,
 * You can obtain one at http://mozilla.org/MPL/2.0/. */


function toArray(iter) {
    if (iter === null) {
        return null;
    }
    return Array.prototype.slice.call(iter);
}

function find(selector, elem) {
    if (!elem) {
        elem = document;
    }
    return elem.querySelector(selector);
}

function find_all(selector, elem) {
    if (!elem) {
        elem = document;
    }
    return toArray(elem.querySelectorAll(selector));
}

function sort_column(elem) {
    toggle_sort_states(elem);
    var colIndex = toArray(elem.parentNode.childNodes).indexOf(elem);
    var key;
    if (elem.classList.contains('numeric')) {
        key = key_num;
    } else if (elem.classList.contains('result')) {
        key = key_result;
    } else {
        key = key_alpha;
    }
    sort_table(elem, key(colIndex));
}

function show_all_extras() {
    find_all('.col-result').forEach(show_extras);
}

function hide_all_extras() {
    find_all('.col-result').forEach(hide_extras);
}

function show_extras(colresult_elem) {
    var extras = colresult_elem.parentNode.nextElementSibling;
    var expandcollapse = colresult_elem.firstElementChild;
    extras.classList.remove("collapsed");
    expandcollapse.classList.remove("expander");
    expandcollapse.classList.add("collapser");
}

function hide_extras(colresult_elem) {
    var extras = colresult_elem.parentNode.nextElementSibling;
    var expandcollapse = colresult_elem.firstElementChild;
    extras.classList.add("collapsed");
    expandcollapse.classList.remove("collapser");
    expandcollapse.classList.add("expander");
}

function show_filters() {
    var filter_items = document.getElementsByClassName('filter');
    for (var i = 0; i < filter_items.length; i++)
        filter_items[i].hidden = false;
}

function add_collapse() {
    // Add links for show/hide all
    var resulttable = find('table#results-table');
    var showhideall = document.createElement("p");
    showhideall.innerHTML = '<a href="javascript:show_all_extras()">Show all details</a> / ' +
                            '<a href="javascript:hide_all_extras()">Hide all details</a>';
    resulttable.parentElement.insertBefore(showhideall, resulttable);

    // Add show/hide link to each result
    find_all('.col-result').forEach(function(elem) {
        var collapsed = get_query_parameter('collapsed') || 'Passed';
        var extras = elem.parentNode.nextElementSibling;
        var expandcollapse = document.createElement("span");
        if (collapsed.includes(elem.innerHTML)) {
            extras.classList.add("collapsed");
            expandcollapse.classList.add("expander");
        } else {
            expandcollapse.classList.add("collapser");
        }
        elem.appendChild(expandcollapse);

        elem.addEventListener("click", function(event) {
            if (event.currentTarget.parentNode.nextElementSibling.classList.contains("collapsed")) {
                show_extras(event.currentTarget);
            } else {
                hide_extras(event.currentTarget);
            }
        });
    })
}

function get_query_parameter(name) {
    var match = RegExp('[?&]' + name + '=([^&]*)').exec(window.location.search);
    return match && decodeURIComponent(match[1].replace(/\+/g, ' '));
}

function init () {
    reset_sort_headers();

    add_collapse();

    show_filters();

    sort_column(find('.initial-sort'));

    find_all('.sortable').forEach(function(elem) {
        elem.addEventListener("click",
                              function(event) {
                                  sort_column(elem);
                              }, false)
    });

};

function sort_table(clicked, key_func) {
    var rows = find_all('.results-table-row');
    var reversed = !clicked.classList.contains('asc');
    var sorted_rows = sort(rows, key_func, reversed);
    /* Whole table is removed here because browsers acts much slower
     * when appending existing elements.
     */
    var thead = document.getElementById("results-table-head");
    document.getElementById('results-table').remove();
    var parent = document.createElement("table");
    parent.id = "results-table";
    parent.appendChild(thead);
    sorted_rows.forEach(function(elem) {
        parent.appendChild(elem);
    });
    document.getElementsByTagName("BODY")[0].appendChild(parent);
}

function sort(items, key_func, reversed) {
    var sort_array = items.map(function(item, i) {
        return [key_func(item), i];
    });

    sort_array.sort(function(a, b) {
        var key_a = a[0];
        var key_b = b[0];

        if (key_a == key_b) return 0;

        if (reversed) {
            return (key_a < key_b ? 1 : -1);
        } else {
            return (key_a > key_b ? 1 : -1);
        }
    });

    return sort_array.map(function(item) {
        var index = item[1];
        return items[index];
    });
}

function key_alpha(col_index) {
    return function(elem) {
        return elem.childNodes[1].childNodes[col_index].firstChild.data.toLowerCase();
    };
}

function key_num(col_index) {
    return function(elem) {
        return parseFloat(elem.childNodes[1].childNodes[col_index].firstChild.data);
    };
}

function key_result(col_index) {
    return function(elem) {
        var strings = ['Error', 'Failed', 'Rerun', 'XFailed', 'XPassed',
                       'Skipped', 'Passed'];
        return strings.indexOf(elem.childNodes[1].childNodes[col_index].firstChild.data);
    };
}

function reset_sort_headers() {
    find_all('.sort-icon').forEach(function(elem) {
        elem.parentNode.removeChild(elem);
    });
    find_all('.sortable').forEach(function(elem) {
        var icon = document.createElement("div");
        icon.className = "sort-icon";
        icon.textContent = "vvv";
        elem.insertBefore(icon, elem.firstChild);
        elem.classList.remove("desc", "active");
        elem.classList.add("asc", "inactive");
    });
}

function toggle_sort_states(elem) {
    //if active, toggle between asc and desc
    if (elem.classList.contains('active')) {
        elem.classList.toggle('asc');
        elem.classList.toggle('desc');
    }

    //if inactive, reset all other functions and add ascending active
    if (elem.classList.contains('inactive')) {
        reset_sort_headers();
        elem.classList.remove('inactive');
        elem.classList.add('active');
    }
}

function is_all_rows_hidden(value) {
  return value.hidden == false;
}

function filter_table(elem) {
    var outcome_att = "data-test-result";
    var outcome = elem.getAttribute(outcome_att);
    class_outcome = outcome + " results-table-row";
    var outcome_rows = document.getElementsByClassName(class_outcome);

    for(var i = 0; i < outcome_rows.length; i++){
        outcome_rows[i].hidden = !elem.checked;
    }

    var rows = find_all('.results-table-row').filter(is_all_rows_hidden);
    var all_rows_hidden = rows.length == 0 ? true : false;
    var not_found_message = document.getElementById("not-found-message");
    not_found_message.hidden = !all_rows_hidden;
}
</script>
    <h1>report.html</h1>
    <p>Report generated on 25-Jul-2022 at 12:02:31 by <a href="https://pypi.python.org/pypi/pytest-html">pytest-html</a> v2.0.1</p>
    <h2>Environment</h2>
    <table id="environment">
      <tr>
        <td>Packages</td>
        <td>{&apos;pytest&apos;: &apos;7.0.1&apos;, &apos;py&apos;: &apos;1.11.0&apos;, &apos;pluggy&apos;: &apos;1.0.0&apos;}</td></tr>
      <tr>
        <td>Platform</td>
        <td>macOS-12.4-arm64-arm-64bit</td></tr>
      <tr>
        <td>Plugins</td>
        <td>{&apos;html&apos;: &apos;2.0.1&apos;, &apos;xdist&apos;: &apos;2.5.0&apos;, &apos;forked&apos;: &apos;1.4.0&apos;, &apos;seleniumbase&apos;: &apos;2.4.14&apos;, &apos;rerunfailures&apos;: &apos;10.2&apos;, &apos;metadata&apos;: &apos;1.11.0&apos;, &apos;ordering&apos;: &apos;0.6&apos;}</td></tr>
      <tr>
        <td>Python</td>
        <td>3.8.9</td></tr></table>
    <h2>Summary</h2>
    <p>57 tests ran in 1322.80 seconds. </p>
    <p class="filter" hidden="true">(Un)check the boxes to filter the results.</p><input checked="true" class="filter" data-test-result="passed" hidden="true" name="filter_checkbox" onChange="filter_table(this)" type="checkbox"/><span class="passed">57 passed</span>, <input checked="true" class="filter" data-test-result="skipped" hidden="true" name="filter_checkbox" onChange="filter_table(this)" type="checkbox"/><span class="skipped">2 skipped</span>, <input checked="true" class="filter" data-test-result="failed" disabled="true" hidden="true" name="filter_checkbox" onChange="filter_table(this)" type="checkbox"/><span class="failed">0 failed</span>, <input checked="true" class="filter" data-test-result="error" disabled="true" hidden="true" name="filter_checkbox" onChange="filter_table(this)" type="checkbox"/><span class="error">0 errors</span>, <input checked="true" class="filter" data-test-result="xfailed" disabled="true" hidden="true" name="filter_checkbox" onChange="filter_table(this)" type="checkbox"/><span class="xfailed">0 expected failures</span>, <input checked="true" class="filter" data-test-result="xpassed" disabled="true" hidden="true" name="filter_checkbox" onChange="filter_table(this)" type="checkbox"/><span class="xpassed">0 unexpected passes</span>, <input checked="true" class="filter" data-test-result="rerun" hidden="true" name="filter_checkbox" onChange="filter_table(this)" type="checkbox"/><span class="rerun">6 rerun</span>
    <h2>Results</h2>
    <table id="results-table">
      <thead id="results-table-head">
        <tr>
          <th class="sortable result initial-sort" col="result">Result</th>
          <th class="sortable" col="name">Test</th>
          <th class="sortable numeric" col="duration">Duration</th>
          <th>Links</th></tr>
        <tr hidden="true" id="not-found-message">
          <th colspan="4">No results found. Try to check the filters</th></tr></thead>
      <tbody class="rerun results-table-row">
        <tr>
          <td class="col-result">Rerun</td>
          <td class="col-name">tests/job_seeker/test_3_1_resume_add.py::TestResumeAdd::test_adding_resume</td>
          <td class="col-duration">30.34</td>
          <td class="col-links"></td></tr>
        <tr>
          <td class="extra" colspan="4">
            <div class="log">self = &lt;Page_Object_Model.tests.job_seeker.test_3_1_resume_add.TestResumeAdd object at 0x102c825e0&gt;<br/>browser = &lt;selenium.webdriver.chrome.webdriver.WebDriver (session=&quot;7c767eef18a97702992d46a4b2ced90f&quot;)&gt;, language = &#x27;/en&#x27;<br/><br/>    @pytest.mark.s_r_c<br/>    def test_adding_resume(self, browser, language):  # добавление резюме<br/>        url_page = f&quot;{UrlStartPage.prefix}logincasino.work{UrlStartPage.suffix}{language}{UrlStartPage.suffix_page}&quot;<br/>        page = OllPage(browser, url_page)<br/>        # browser.maximize_window()<br/>        page.open()<br/>        browser.refresh()<br/>        page.opening_pop_up_for_login()  # нажатие на кнопку для открытия pop-up окна для регистрации или авторизации<br/>        page.user_authorization(language, 2)  # авторизация пользователя<br/>        page.opening_authorized_user_menu()  # нажатие на кнопку для открытия меню авторизированного пользователя<br/>        page.go_to_personal_cabinet_page()  # нажатие на кнопку для перехода на страницу личного кабинета<br/>    <br/>        job_seeker_personal_cabinet_page = JobSeekerPersonalCabinetPage(browser, browser.current_url)<br/>        job_seeker_personal_cabinet_page.go_to_my_resume_page()  # переход на страницу &quot;Мои резюме&quot;<br/>    <br/>        my_resume_page = MyResumePage(browser, browser.current_url)<br/>        my_resume_page.checking_number_of_resumes_to_create(0)  # проверка уменьшения количества резюме для создания<br/>        my_resume_page.go_to_add_resume_page()  # переход на страницу &quot;Разместить резюме&quot;<br/>    <br/>        add_resume_page = ResumeAddPage(browser, browser.current_url)<br/>        add_resume_page.filling_in_required_fields(TestData.job_title_resume)  # заполнение обязательных полей<br/>        browser.execute_script(&quot;window.scrollBy(0, -4000);&quot;)<br/>&gt;       add_resume_page.filling_in_optional_fields()  # заполнение не обязательных полей<br/><br/>tests/job_seeker/test_3_1_resume_add.py:42: <br/>_ _ _ _ _ _ _ _ _ _ _ _ _ _ _ _ _ _ _ _ _ _ _ _ _ _ _ _ _ _ _ _ _ _ _ _ _ _ _ _ <br/>pages/site/resume_add_page.py:215: in filling_in_optional_fields<br/>    self.browser.find_element(*city_minsk_education).click()<br/>../../one/venv/lib/python3.8/site-packages/selenium/webdriver/remote/webdriver.py:1244: in find_element<br/>    return self.execute(Command.FIND_ELEMENT, {<br/>../../one/venv/lib/python3.8/site-packages/selenium/webdriver/remote/webdriver.py:424: in execute<br/>    self.error_handler.check_response(response)<br/>_ _ _ _ _ _ _ _ _ _ _ _ _ _ _ _ _ _ _ _ _ _ _ _ _ _ _ _ _ _ _ _ _ _ _ _ _ _ _ _ <br/><br/>self = &lt;selenium.webdriver.remote.errorhandler.ErrorHandler object at 0x102a63c70&gt;<br/>response = {&#x27;status&#x27;: 404, &#x27;value&#x27;: &#x27;{&quot;value&quot;:{&quot;error&quot;:&quot;no such element&quot;,&quot;message&quot;:&quot;no such element: Unable to locate element: {\...00019d43426c _pthread_start + 148\\n15  libsystem_pthread.dylib             0x000000019d42f08c thread_start + 8\\n&quot;}}&#x27;}<br/><br/>    def check_response(self, response: Dict[str, Any]) -&gt; None:<br/>        &quot;&quot;&quot;<br/>        Checks that a JSON response from the WebDriver does not have an error.<br/>    <br/>        :Args:<br/>         - response - The JSON response from the WebDriver server as a dictionary<br/>           object.<br/>    <br/>        :Raises: If the response contains an error message.<br/>        &quot;&quot;&quot;<br/>        status = response.get(&#x27;status&#x27;, None)<br/>        if not status or status == ErrorCode.SUCCESS:<br/>            return<br/>        value = None<br/>        message = response.get(&quot;message&quot;, &quot;&quot;)<br/>        screen: str = response.get(&quot;screen&quot;, &quot;&quot;)<br/>        stacktrace = None<br/>        if isinstance(status, int):<br/>            value_json = response.get(&#x27;value&#x27;, None)<br/>            if value_json and isinstance(value_json, str):<br/>                import json<br/>                try:<br/>                    value = json.loads(value_json)<br/>                    if len(value.keys()) == 1:<br/>                        value = value[&#x27;value&#x27;]<br/>                    status = value.get(&#x27;error&#x27;, None)<br/>                    if not status:<br/>                        status = value.get(&quot;status&quot;, ErrorCode.UNKNOWN_ERROR)<br/>                        message = value.get(&quot;value&quot;) or value.get(&quot;message&quot;)<br/>                        if not isinstance(message, str):<br/>                            value = message<br/>                            message = message.get(&#x27;message&#x27;)<br/>                    else:<br/>                        message = value.get(&#x27;message&#x27;, None)<br/>                except ValueError:<br/>                    pass<br/>    <br/>        exception_class: Type[WebDriverException]<br/>        if status in ErrorCode.NO_SUCH_ELEMENT:<br/>            exception_class = NoSuchElementException<br/>        elif status in ErrorCode.NO_SUCH_FRAME:<br/>            exception_class = NoSuchFrameException<br/>        elif status in ErrorCode.NO_SUCH_SHADOW_ROOT:<br/>            exception_class = NoSuchShadowRootException<br/>        elif status in ErrorCode.NO_SUCH_WINDOW:<br/>            exception_class = NoSuchWindowException<br/>        elif status in ErrorCode.STALE_ELEMENT_REFERENCE:<br/>            exception_class = StaleElementReferenceException<br/>        elif status in ErrorCode.ELEMENT_NOT_VISIBLE:<br/>            exception_class = ElementNotVisibleException<br/>        elif status in ErrorCode.INVALID_ELEMENT_STATE:<br/>            exception_class = InvalidElementStateException<br/>        elif status in ErrorCode.INVALID_SELECTOR \<br/>                or status in ErrorCode.INVALID_XPATH_SELECTOR \<br/>                or status in ErrorCode.INVALID_XPATH_SELECTOR_RETURN_TYPER:<br/>            exception_class = InvalidSelectorException<br/>        elif status in ErrorCode.ELEMENT_IS_NOT_SELECTABLE:<br/>            exception_class = ElementNotSelectableException<br/>        elif status in ErrorCode.ELEMENT_NOT_INTERACTABLE:<br/>            exception_class = ElementNotInteractableException<br/>        elif status in ErrorCode.INVALID_COOKIE_DOMAIN:<br/>            exception_class = InvalidCookieDomainException<br/>        elif status in ErrorCode.UNABLE_TO_SET_COOKIE:<br/>            exception_class = UnableToSetCookieException<br/>        elif status in ErrorCode.TIMEOUT:<br/>            exception_class = TimeoutException<br/>        elif status in ErrorCode.SCRIPT_TIMEOUT:<br/>            exception_class = TimeoutException<br/>        elif status in ErrorCode.UNKNOWN_ERROR:<br/>            exception_class = WebDriverException<br/>        elif status in ErrorCode.UNEXPECTED_ALERT_OPEN:<br/>            exception_class = UnexpectedAlertPresentException<br/>        elif status in ErrorCode.NO_ALERT_OPEN:<br/>            exception_class = NoAlertPresentException<br/>        elif status in ErrorCode.IME_NOT_AVAILABLE:<br/>            exception_class = ImeNotAvailableException<br/>        elif status in ErrorCode.IME_ENGINE_ACTIVATION_FAILED:<br/>            exception_class = ImeActivationFailedException<br/>        elif status in ErrorCode.MOVE_TARGET_OUT_OF_BOUNDS:<br/>            exception_class = MoveTargetOutOfBoundsException<br/>        elif status in ErrorCode.JAVASCRIPT_ERROR:<br/>            exception_class = JavascriptException<br/>        elif status in ErrorCode.SESSION_NOT_CREATED:<br/>            exception_class = SessionNotCreatedException<br/>        elif status in ErrorCode.INVALID_ARGUMENT:<br/>            exception_class = InvalidArgumentException<br/>        elif status in ErrorCode.NO_SUCH_COOKIE:<br/>            exception_class = NoSuchCookieException<br/>        elif status in ErrorCode.UNABLE_TO_CAPTURE_SCREEN:<br/>            exception_class = ScreenshotException<br/>        elif status in ErrorCode.ELEMENT_CLICK_INTERCEPTED:<br/>            exception_class = ElementClickInterceptedException<br/>        elif status in ErrorCode.INSECURE_CERTIFICATE:<br/>            exception_class = InsecureCertificateException<br/>        elif status in ErrorCode.INVALID_COORDINATES:<br/>            exception_class = InvalidCoordinatesException<br/>        elif status in ErrorCode.INVALID_SESSION_ID:<br/>            exception_class = InvalidSessionIdException<br/>        elif status in ErrorCode.UNKNOWN_METHOD:<br/>            exception_class = UnknownMethodException<br/>        else:<br/>            exception_class = WebDriverException<br/>        if not value:<br/>            value = response[&#x27;value&#x27;]<br/>        if isinstance(value, str):<br/>            raise exception_class(value)<br/>        if message == &quot;&quot; and &#x27;message&#x27; in value:<br/>            message = value[&#x27;message&#x27;]<br/>    <br/>        screen = None  # type: ignore[assignment]<br/>        if &#x27;screen&#x27; in value:<br/>            screen = value[&#x27;screen&#x27;]<br/>    <br/>        stacktrace = None<br/>        st_value = value.get(&#x27;stackTrace&#x27;) or value.get(&#x27;stacktrace&#x27;)<br/>        if st_value:<br/>            if isinstance(st_value, str):<br/>                stacktrace = st_value.split(&#x27;\n&#x27;)<br/>            else:<br/>                stacktrace = []<br/>                try:<br/>                    for frame in st_value:<br/>                        line = self._value_or_default(frame, &#x27;lineNumber&#x27;, &#x27;&#x27;)<br/>                        file = self._value_or_default(frame, &#x27;fileName&#x27;, &#x27;&lt;anonymous&gt;&#x27;)<br/>                        if line:<br/>                            file = &quot;%s:%s&quot; % (file, line)<br/>                        meth = self._value_or_default(frame, &#x27;methodName&#x27;, &#x27;&lt;anonymous&gt;&#x27;)<br/>                        if &#x27;className&#x27; in frame:<br/>                            meth = &quot;%s.%s&quot; % (frame[&#x27;className&#x27;], meth)<br/>                        msg = &quot;    at %s (%s)&quot;<br/>                        msg = msg % (meth, file)<br/>                        stacktrace.append(msg)<br/>                except TypeError:<br/>                    pass<br/>        if exception_class == UnexpectedAlertPresentException:<br/>            alert_text = None<br/>            if &#x27;data&#x27; in value:<br/>                alert_text = value[&#x27;data&#x27;].get(&#x27;text&#x27;)<br/>            elif &#x27;alert&#x27; in value:<br/>                alert_text = value[&#x27;alert&#x27;].get(&#x27;text&#x27;)<br/>            raise exception_class(message, screen, stacktrace, alert_text)  # type: ignore[call-arg]  # mypy is not smart enough here<br/>&gt;       raise exception_class(message, screen, stacktrace)<br/><span class="error">E       selenium.common.exceptions.NoSuchElementException: Message: no such element: Unable to locate element: {&quot;method&quot;:&quot;xpath&quot;,&quot;selector&quot;:&quot;//div[@id=&quot;education&quot;]//div[contains(@class, &quot;additional-block-item&quot;)][2]//form[contains(@id, &quot;education-form&quot;)]/div[4]//li[25]/a&quot;}</span><br/><span class="error">E         (Session info: chrome=104.0.5112.57)</span><br/><span class="error">E       Stacktrace:</span><br/><span class="error">E       0   chromedriver                        0x0000000102c9aaa4 chromedriver + 3828388</span><br/><span class="error">E       1   chromedriver                        0x0000000102c2fee0 chromedriver + 3391200</span><br/><span class="error">E       2   chromedriver                        0x0000000102928fcc chromedriver + 217036</span><br/><span class="error">E       3   chromedriver                        0x0000000102958b64 chromedriver + 412516</span><br/><span class="error">E       4   chromedriver                        0x0000000102981b14 chromedriver + 580372</span><br/><span class="error">E       5   chromedriver                        0x000000010294dff8 chromedriver + 368632</span><br/><span class="error">E       6   chromedriver                        0x0000000102c70360 chromedriver + 3654496</span><br/><span class="error">E       7   chromedriver                        0x0000000102c73c10 chromedriver + 3669008</span><br/><span class="error">E       8   chromedriver                        0x0000000102c78110 chromedriver + 3686672</span><br/><span class="error">E       9   chromedriver                        0x0000000102c74618 chromedriver + 3671576</span><br/><span class="error">E       10  chromedriver                        0x0000000102c52b04 chromedriver + 3533572</span><br/><span class="error">E       11  chromedriver                        0x0000000102c8c3d8 chromedriver + 3769304</span><br/><span class="error">E       12  chromedriver                        0x0000000102c8c53c chromedriver + 3769660</span><br/><span class="error">E       13  chromedriver                        0x0000000102ca10b4 chromedriver + 3854516</span><br/><span class="error">E       14  libsystem_pthread.dylib             0x000000019d43426c _pthread_start + 148</span><br/><span class="error">E       15  libsystem_pthread.dylib             0x000000019d42f08c thread_start + 8</span><br/><br/>../../one/venv/lib/python3.8/site-packages/selenium/webdriver/remote/errorhandler.py:247: NoSuchElementException<br/></div></td></tr></tbody>
      <tbody class="rerun results-table-row">
        <tr>
          <td class="col-result">Rerun</td>
          <td class="col-name">tests/job_seeker/test_3_1_resume_add.py::TestResumeAdd::test_adding_resume</td>
          <td class="col-duration">17.91</td>
          <td class="col-links"></td></tr>
        <tr>
          <td class="extra" colspan="4">
            <div class="log">self = &lt;Page_Object_Model.tests.job_seeker.test_3_1_resume_add.TestResumeAdd object at 0x102c825e0&gt;<br/>browser = &lt;selenium.webdriver.chrome.webdriver.WebDriver (session=&quot;bece060eb711af18f6052d456c0ad80f&quot;)&gt;, language = &#x27;/en&#x27;<br/><br/>    @pytest.mark.s_r_c<br/>    def test_adding_resume(self, browser, language):  # добавление резюме<br/>        url_page = f&quot;{UrlStartPage.prefix}logincasino.work{UrlStartPage.suffix}{language}{UrlStartPage.suffix_page}&quot;<br/>        page = OllPage(browser, url_page)<br/>        # browser.maximize_window()<br/>        page.open()<br/>        browser.refresh()<br/>        page.opening_pop_up_for_login()  # нажатие на кнопку для открытия pop-up окна для регистрации или авторизации<br/>        page.user_authorization(language, 2)  # авторизация пользователя<br/>        page.opening_authorized_user_menu()  # нажатие на кнопку для открытия меню авторизированного пользователя<br/>        page.go_to_personal_cabinet_page()  # нажатие на кнопку для перехода на страницу личного кабинета<br/>    <br/>        job_seeker_personal_cabinet_page = JobSeekerPersonalCabinetPage(browser, browser.current_url)<br/>        job_seeker_personal_cabinet_page.go_to_my_resume_page()  # переход на страницу &quot;Мои резюме&quot;<br/>    <br/>        my_resume_page = MyResumePage(browser, browser.current_url)<br/>        my_resume_page.checking_number_of_resumes_to_create(0)  # проверка уменьшения количества резюме для создания<br/>        my_resume_page.go_to_add_resume_page()  # переход на страницу &quot;Разместить резюме&quot;<br/>    <br/>        add_resume_page = ResumeAddPage(browser, browser.current_url)<br/>        add_resume_page.filling_in_required_fields(TestData.job_title_resume)  # заполнение обязательных полей<br/>        browser.execute_script(&quot;window.scrollBy(0, -4000);&quot;)<br/>&gt;       add_resume_page.filling_in_optional_fields()  # заполнение не обязательных полей<br/><br/>tests/job_seeker/test_3_1_resume_add.py:42: <br/>_ _ _ _ _ _ _ _ _ _ _ _ _ _ _ _ _ _ _ _ _ _ _ _ _ _ _ _ _ _ _ _ _ _ _ _ _ _ _ _ <br/>pages/site/resume_add_page.py:81: in filling_in_optional_fields<br/>    self.browser.find_element(*ResumeAddPageLocators.BUTTON_FACEBOOK).click()<br/>../../one/venv/lib/python3.8/site-packages/selenium/webdriver/remote/webelement.py:81: in click<br/>    self._execute(Command.CLICK_ELEMENT)<br/>../../one/venv/lib/python3.8/site-packages/selenium/webdriver/remote/webelement.py:710: in _execute<br/>    return self._parent.execute(command, params)<br/>../../one/venv/lib/python3.8/site-packages/selenium/webdriver/remote/webdriver.py:424: in execute<br/>    self.error_handler.check_response(response)<br/>_ _ _ _ _ _ _ _ _ _ _ _ _ _ _ _ _ _ _ _ _ _ _ _ _ _ _ _ _ _ _ _ _ _ _ _ _ _ _ _ <br/><br/>self = &lt;selenium.webdriver.remote.errorhandler.ErrorHandler object at 0x102aa15b0&gt;<br/>response = {&#x27;status&#x27;: 400, &#x27;value&#x27;: &#x27;{&quot;value&quot;:{&quot;error&quot;:&quot;element click intercepted&quot;,&quot;message&quot;:&quot;element click intercepted: Element ...00019d43426c _pthread_start + 148\\n20  libsystem_pthread.dylib             0x000000019d42f08c thread_start + 8\\n&quot;}}&#x27;}<br/><br/>    def check_response(self, response: Dict[str, Any]) -&gt; None:<br/>        &quot;&quot;&quot;<br/>        Checks that a JSON response from the WebDriver does not have an error.<br/>    <br/>        :Args:<br/>         - response - The JSON response from the WebDriver server as a dictionary<br/>           object.<br/>    <br/>        :Raises: If the response contains an error message.<br/>        &quot;&quot;&quot;<br/>        status = response.get(&#x27;status&#x27;, None)<br/>        if not status or status == ErrorCode.SUCCESS:<br/>            return<br/>        value = None<br/>        message = response.get(&quot;message&quot;, &quot;&quot;)<br/>        screen: str = response.get(&quot;screen&quot;, &quot;&quot;)<br/>        stacktrace = None<br/>        if isinstance(status, int):<br/>            value_json = response.get(&#x27;value&#x27;, None)<br/>            if value_json and isinstance(value_json, str):<br/>                import json<br/>                try:<br/>                    value = json.loads(value_json)<br/>                    if len(value.keys()) == 1:<br/>                        value = value[&#x27;value&#x27;]<br/>                    status = value.get(&#x27;error&#x27;, None)<br/>                    if not status:<br/>                        status = value.get(&quot;status&quot;, ErrorCode.UNKNOWN_ERROR)<br/>                        message = value.get(&quot;value&quot;) or value.get(&quot;message&quot;)<br/>                        if not isinstance(message, str):<br/>                            value = message<br/>                            message = message.get(&#x27;message&#x27;)<br/>                    else:<br/>                        message = value.get(&#x27;message&#x27;, None)<br/>                except ValueError:<br/>                    pass<br/>    <br/>        exception_class: Type[WebDriverException]<br/>        if status in ErrorCode.NO_SUCH_ELEMENT:<br/>            exception_class = NoSuchElementException<br/>        elif status in ErrorCode.NO_SUCH_FRAME:<br/>            exception_class = NoSuchFrameException<br/>        elif status in ErrorCode.NO_SUCH_SHADOW_ROOT:<br/>            exception_class = NoSuchShadowRootException<br/>        elif status in ErrorCode.NO_SUCH_WINDOW:<br/>            exception_class = NoSuchWindowException<br/>        elif status in ErrorCode.STALE_ELEMENT_REFERENCE:<br/>            exception_class = StaleElementReferenceException<br/>        elif status in ErrorCode.ELEMENT_NOT_VISIBLE:<br/>            exception_class = ElementNotVisibleException<br/>        elif status in ErrorCode.INVALID_ELEMENT_STATE:<br/>            exception_class = InvalidElementStateException<br/>        elif status in ErrorCode.INVALID_SELECTOR \<br/>                or status in ErrorCode.INVALID_XPATH_SELECTOR \<br/>                or status in ErrorCode.INVALID_XPATH_SELECTOR_RETURN_TYPER:<br/>            exception_class = InvalidSelectorException<br/>        elif status in ErrorCode.ELEMENT_IS_NOT_SELECTABLE:<br/>            exception_class = ElementNotSelectableException<br/>        elif status in ErrorCode.ELEMENT_NOT_INTERACTABLE:<br/>            exception_class = ElementNotInteractableException<br/>        elif status in ErrorCode.INVALID_COOKIE_DOMAIN:<br/>            exception_class = InvalidCookieDomainException<br/>        elif status in ErrorCode.UNABLE_TO_SET_COOKIE:<br/>            exception_class = UnableToSetCookieException<br/>        elif status in ErrorCode.TIMEOUT:<br/>            exception_class = TimeoutException<br/>        elif status in ErrorCode.SCRIPT_TIMEOUT:<br/>            exception_class = TimeoutException<br/>        elif status in ErrorCode.UNKNOWN_ERROR:<br/>            exception_class = WebDriverException<br/>        elif status in ErrorCode.UNEXPECTED_ALERT_OPEN:<br/>            exception_class = UnexpectedAlertPresentException<br/>        elif status in ErrorCode.NO_ALERT_OPEN:<br/>            exception_class = NoAlertPresentException<br/>        elif status in ErrorCode.IME_NOT_AVAILABLE:<br/>            exception_class = ImeNotAvailableException<br/>        elif status in ErrorCode.IME_ENGINE_ACTIVATION_FAILED:<br/>            exception_class = ImeActivationFailedException<br/>        elif status in ErrorCode.MOVE_TARGET_OUT_OF_BOUNDS:<br/>            exception_class = MoveTargetOutOfBoundsException<br/>        elif status in ErrorCode.JAVASCRIPT_ERROR:<br/>            exception_class = JavascriptException<br/>        elif status in ErrorCode.SESSION_NOT_CREATED:<br/>            exception_class = SessionNotCreatedException<br/>        elif status in ErrorCode.INVALID_ARGUMENT:<br/>            exception_class = InvalidArgumentException<br/>        elif status in ErrorCode.NO_SUCH_COOKIE:<br/>            exception_class = NoSuchCookieException<br/>        elif status in ErrorCode.UNABLE_TO_CAPTURE_SCREEN:<br/>            exception_class = ScreenshotException<br/>        elif status in ErrorCode.ELEMENT_CLICK_INTERCEPTED:<br/>            exception_class = ElementClickInterceptedException<br/>        elif status in ErrorCode.INSECURE_CERTIFICATE:<br/>            exception_class = InsecureCertificateException<br/>        elif status in ErrorCode.INVALID_COORDINATES:<br/>            exception_class = InvalidCoordinatesException<br/>        elif status in ErrorCode.INVALID_SESSION_ID:<br/>            exception_class = InvalidSessionIdException<br/>        elif status in ErrorCode.UNKNOWN_METHOD:<br/>            exception_class = UnknownMethodException<br/>        else:<br/>            exception_class = WebDriverException<br/>        if not value:<br/>            value = response[&#x27;value&#x27;]<br/>        if isinstance(value, str):<br/>            raise exception_class(value)<br/>        if message == &quot;&quot; and &#x27;message&#x27; in value:<br/>            message = value[&#x27;message&#x27;]<br/>    <br/>        screen = None  # type: ignore[assignment]<br/>        if &#x27;screen&#x27; in value:<br/>            screen = value[&#x27;screen&#x27;]<br/>    <br/>        stacktrace = None<br/>        st_value = value.get(&#x27;stackTrace&#x27;) or value.get(&#x27;stacktrace&#x27;)<br/>        if st_value:<br/>            if isinstance(st_value, str):<br/>                stacktrace = st_value.split(&#x27;\n&#x27;)<br/>            else:<br/>                stacktrace = []<br/>                try:<br/>                    for frame in st_value:<br/>                        line = self._value_or_default(frame, &#x27;lineNumber&#x27;, &#x27;&#x27;)<br/>                        file = self._value_or_default(frame, &#x27;fileName&#x27;, &#x27;&lt;anonymous&gt;&#x27;)<br/>                        if line:<br/>                            file = &quot;%s:%s&quot; % (file, line)<br/>                        meth = self._value_or_default(frame, &#x27;methodName&#x27;, &#x27;&lt;anonymous&gt;&#x27;)<br/>                        if &#x27;className&#x27; in frame:<br/>                            meth = &quot;%s.%s&quot; % (frame[&#x27;className&#x27;], meth)<br/>                        msg = &quot;    at %s (%s)&quot;<br/>                        msg = msg % (meth, file)<br/>                        stacktrace.append(msg)<br/>                except TypeError:<br/>                    pass<br/>        if exception_class == UnexpectedAlertPresentException:<br/>            alert_text = None<br/>            if &#x27;data&#x27; in value:<br/>                alert_text = value[&#x27;data&#x27;].get(&#x27;text&#x27;)<br/>            elif &#x27;alert&#x27; in value:<br/>                alert_text = value[&#x27;alert&#x27;].get(&#x27;text&#x27;)<br/>            raise exception_class(message, screen, stacktrace, alert_text)  # type: ignore[call-arg]  # mypy is not smart enough here<br/>&gt;       raise exception_class(message, screen, stacktrace)<br/><span class="error">E       selenium.common.exceptions.ElementClickInterceptedException: Message: element click intercepted: Element &lt;a class=&quot;social__link collapsed&quot; data-toggle=&quot;collapse&quot; href=&quot;#fbCollapse&quot; role=&quot;button&quot; aria-expanded=&quot;false&quot; aria-controls=&quot;facebookCollapse&quot; rel=&quot;nofollow, noindex&quot;&gt;...&lt;/a&gt; is not clickable at point (118, 864). Other element would receive the click: &lt;div class=&quot;modal fade buttons-modal&quot; id=&quot;age-validation&quot; data-backdrop=&quot;static&quot; tabindex=&quot;-1&quot; role=&quot;dialog&quot; aria-modal=&quot;true&quot; style=&quot;padding-right: 15px; display: block;&quot;&gt;...&lt;/div&gt;</span><br/><span class="error">E         (Session info: chrome=104.0.5112.57)</span><br/><span class="error">E       Stacktrace:</span><br/><span class="error">E       0   chromedriver                        0x0000000100bf6aa4 chromedriver + 3828388</span><br/><span class="error">E       1   chromedriver                        0x0000000100b8bee0 chromedriver + 3391200</span><br/><span class="error">E       2   chromedriver                        0x0000000100884fcc chromedriver + 217036</span><br/><span class="error">E       3   chromedriver                        0x00000001008baddc chromedriver + 437724</span><br/><span class="error">E       4   chromedriver                        0x00000001008b9004 chromedriver + 430084</span><br/><span class="error">E       5   chromedriver                        0x00000001008b6e20 chromedriver + 421408</span><br/><span class="error">E       6   chromedriver                        0x00000001008b5dac chromedriver + 417196</span><br/><span class="error">E       7   chromedriver                        0x00000001008ab904 chromedriver + 375044</span><br/><span class="error">E       8   chromedriver                        0x00000001008ab2f0 chromedriver + 373488</span><br/><span class="error">E       9   chromedriver                        0x00000001008ddb14 chromedriver + 580372</span><br/><span class="error">E       10  chromedriver                        0x00000001008a9ff8 chromedriver + 368632</span><br/><span class="error">E       11  chromedriver                        0x0000000100bcc360 chromedriver + 3654496</span><br/><span class="error">E       12  chromedriver                        0x0000000100bcfc10 chromedriver + 3669008</span><br/><span class="error">E       13  chromedriver                        0x0000000100bd4110 chromedriver + 3686672</span><br/><span class="error">E       14  chromedriver                        0x0000000100bd0618 chromedriver + 3671576</span><br/><span class="error">E       15  chromedriver                        0x0000000100baeb04 chromedriver + 3533572</span><br/><span class="error">E       16  chromedriver                        0x0000000100be83d8 chromedriver + 3769304</span><br/><span class="error">E       17  chromedriver                        0x0000000100be853c chromedriver + 3769660</span><br/><span class="error">E       18  chromedriver                        0x0000000100bfd0b4 chromedriver + 3854516</span><br/><span class="error">E       19  libsystem_pthread.dylib             0x000000019d43426c _pthread_start + 148</span><br/><span class="error">E       20  libsystem_pthread.dylib             0x000000019d42f08c thread_start + 8</span><br/><br/>../../one/venv/lib/python3.8/site-packages/selenium/webdriver/remote/errorhandler.py:247: ElementClickInterceptedException<br/></div></td></tr></tbody>
      <tbody class="rerun results-table-row">
        <tr>
          <td class="col-result">Rerun</td>
          <td class="col-name">tests/job_seeker/test_3_3_resume_edit.py::test_editing_resume</td>
          <td class="col-duration">24.07</td>
          <td class="col-links"></td></tr>
        <tr>
          <td class="extra" colspan="4">
            <div class="log">browser = &lt;selenium.webdriver.chrome.webdriver.WebDriver (session=&quot;60212f83cf0de06ce44af15fdd4db227&quot;)&gt;, language = &#x27;/en&#x27;<br/><br/>    @pytest.mark.s_r_c<br/>    @pytest.mark.job_seeker<br/>    # @pytest.mark.skip<br/>    def test_editing_resume(browser, language):  # редактирование резюме<br/>        url_page = f&quot;{UrlStartPage.prefix}logincasino.work{UrlStartPage.suffix}{language}{UrlStartPage.suffix_page}&quot;<br/>        page = OllPage(browser, url_page)<br/>        # browser.maximize_window()<br/>        page.open()<br/>        browser.refresh()<br/>        page.opening_pop_up_for_login()  # нажатие на кнопку для открытия pop-up окна для регистрации или авторизации<br/>        page.user_authorization(language, 2)  # авторизация пользователя<br/>        page.opening_authorized_user_menu()  # нажатие на кнопку для открытия меню авторизированного пользователя<br/>        page.go_to_personal_cabinet_page()  # нажатие на кнопку для перехода на страницу личного кабинета<br/>    <br/>        job_seeker_personal_cabinet_page = JobSeekerPersonalCabinetPage(browser, browser.current_url)<br/>        job_seeker_personal_cabinet_page.go_to_my_resume_page()  # переход на страницу &quot;Мои резюме&quot;<br/>    <br/>        my_resume_page = MyResumePage(browser, browser.current_url)<br/>        my_resume_page.opening_resume_menu()  # открытие меню резюме<br/>        my_resume_page.go_to_resume_editing_page(0)  # переход на страницу редактирования резюме<br/>    <br/>        resume_edit_page = ResumeEditPage(browser, browser.current_url)<br/>&gt;       resume_edit_page.change_data_in_all_fields()  # изменение данных во всех полях<br/><br/>tests/job_seeker/test_3_3_resume_edit.py:35: <br/>_ _ _ _ _ _ _ _ _ _ _ _ _ _ _ _ _ _ _ _ _ _ _ _ _ _ _ _ _ _ _ _ _ _ _ _ _ _ _ _ <br/>pages/site/resume_edit_page.py:63: in change_data_in_all_fields<br/>    self.browser.find_element(*ResumeEditPageLocators.FIELD_PORTFOLIO).send_keys(&#x27;_editing/&#x27;)<br/>../../one/venv/lib/python3.8/site-packages/selenium/webdriver/remote/webelement.py:540: in send_keys<br/>    self._execute(Command.SEND_KEYS_TO_ELEMENT,<br/>../../one/venv/lib/python3.8/site-packages/selenium/webdriver/remote/webelement.py:710: in _execute<br/>    return self._parent.execute(command, params)<br/>../../one/venv/lib/python3.8/site-packages/selenium/webdriver/remote/webdriver.py:424: in execute<br/>    self.error_handler.check_response(response)<br/>_ _ _ _ _ _ _ _ _ _ _ _ _ _ _ _ _ _ _ _ _ _ _ _ _ _ _ _ _ _ _ _ _ _ _ _ _ _ _ _ <br/><br/>self = &lt;selenium.webdriver.remote.errorhandler.ErrorHandler object at 0x102f3a820&gt;<br/>response = {&#x27;status&#x27;: 400, &#x27;value&#x27;: &#x27;{&quot;value&quot;:{&quot;error&quot;:&quot;element not interactable&quot;,&quot;message&quot;:&quot;element not interactable\\n  (Sessio...00019d43426c _pthread_start + 148\\n17  libsystem_pthread.dylib             0x000000019d42f08c thread_start + 8\\n&quot;}}&#x27;}<br/><br/>    def check_response(self, response: Dict[str, Any]) -&gt; None:<br/>        &quot;&quot;&quot;<br/>        Checks that a JSON response from the WebDriver does not have an error.<br/>    <br/>        :Args:<br/>         - response - The JSON response from the WebDriver server as a dictionary<br/>           object.<br/>    <br/>        :Raises: If the response contains an error message.<br/>        &quot;&quot;&quot;<br/>        status = response.get(&#x27;status&#x27;, None)<br/>        if not status or status == ErrorCode.SUCCESS:<br/>            return<br/>        value = None<br/>        message = response.get(&quot;message&quot;, &quot;&quot;)<br/>        screen: str = response.get(&quot;screen&quot;, &quot;&quot;)<br/>        stacktrace = None<br/>        if isinstance(status, int):<br/>            value_json = response.get(&#x27;value&#x27;, None)<br/>            if value_json and isinstance(value_json, str):<br/>                import json<br/>                try:<br/>                    value = json.loads(value_json)<br/>                    if len(value.keys()) == 1:<br/>                        value = value[&#x27;value&#x27;]<br/>                    status = value.get(&#x27;error&#x27;, None)<br/>                    if not status:<br/>                        status = value.get(&quot;status&quot;, ErrorCode.UNKNOWN_ERROR)<br/>                        message = value.get(&quot;value&quot;) or value.get(&quot;message&quot;)<br/>                        if not isinstance(message, str):<br/>                            value = message<br/>                            message = message.get(&#x27;message&#x27;)<br/>                    else:<br/>                        message = value.get(&#x27;message&#x27;, None)<br/>                except ValueError:<br/>                    pass<br/>    <br/>        exception_class: Type[WebDriverException]<br/>        if status in ErrorCode.NO_SUCH_ELEMENT:<br/>            exception_class = NoSuchElementException<br/>        elif status in ErrorCode.NO_SUCH_FRAME:<br/>            exception_class = NoSuchFrameException<br/>        elif status in ErrorCode.NO_SUCH_SHADOW_ROOT:<br/>            exception_class = NoSuchShadowRootException<br/>        elif status in ErrorCode.NO_SUCH_WINDOW:<br/>            exception_class = NoSuchWindowException<br/>        elif status in ErrorCode.STALE_ELEMENT_REFERENCE:<br/>            exception_class = StaleElementReferenceException<br/>        elif status in ErrorCode.ELEMENT_NOT_VISIBLE:<br/>            exception_class = ElementNotVisibleException<br/>        elif status in ErrorCode.INVALID_ELEMENT_STATE:<br/>            exception_class = InvalidElementStateException<br/>        elif status in ErrorCode.INVALID_SELECTOR \<br/>                or status in ErrorCode.INVALID_XPATH_SELECTOR \<br/>                or status in ErrorCode.INVALID_XPATH_SELECTOR_RETURN_TYPER:<br/>            exception_class = InvalidSelectorException<br/>        elif status in ErrorCode.ELEMENT_IS_NOT_SELECTABLE:<br/>            exception_class = ElementNotSelectableException<br/>        elif status in ErrorCode.ELEMENT_NOT_INTERACTABLE:<br/>            exception_class = ElementNotInteractableException<br/>        elif status in ErrorCode.INVALID_COOKIE_DOMAIN:<br/>            exception_class = InvalidCookieDomainException<br/>        elif status in ErrorCode.UNABLE_TO_SET_COOKIE:<br/>            exception_class = UnableToSetCookieException<br/>        elif status in ErrorCode.TIMEOUT:<br/>            exception_class = TimeoutException<br/>        elif status in ErrorCode.SCRIPT_TIMEOUT:<br/>            exception_class = TimeoutException<br/>        elif status in ErrorCode.UNKNOWN_ERROR:<br/>            exception_class = WebDriverException<br/>        elif status in ErrorCode.UNEXPECTED_ALERT_OPEN:<br/>            exception_class = UnexpectedAlertPresentException<br/>        elif status in ErrorCode.NO_ALERT_OPEN:<br/>            exception_class = NoAlertPresentException<br/>        elif status in ErrorCode.IME_NOT_AVAILABLE:<br/>            exception_class = ImeNotAvailableException<br/>        elif status in ErrorCode.IME_ENGINE_ACTIVATION_FAILED:<br/>            exception_class = ImeActivationFailedException<br/>        elif status in ErrorCode.MOVE_TARGET_OUT_OF_BOUNDS:<br/>            exception_class = MoveTargetOutOfBoundsException<br/>        elif status in ErrorCode.JAVASCRIPT_ERROR:<br/>            exception_class = JavascriptException<br/>        elif status in ErrorCode.SESSION_NOT_CREATED:<br/>            exception_class = SessionNotCreatedException<br/>        elif status in ErrorCode.INVALID_ARGUMENT:<br/>            exception_class = InvalidArgumentException<br/>        elif status in ErrorCode.NO_SUCH_COOKIE:<br/>            exception_class = NoSuchCookieException<br/>        elif status in ErrorCode.UNABLE_TO_CAPTURE_SCREEN:<br/>            exception_class = ScreenshotException<br/>        elif status in ErrorCode.ELEMENT_CLICK_INTERCEPTED:<br/>            exception_class = ElementClickInterceptedException<br/>        elif status in ErrorCode.INSECURE_CERTIFICATE:<br/>            exception_class = InsecureCertificateException<br/>        elif status in ErrorCode.INVALID_COORDINATES:<br/>            exception_class = InvalidCoordinatesException<br/>        elif status in ErrorCode.INVALID_SESSION_ID:<br/>            exception_class = InvalidSessionIdException<br/>        elif status in ErrorCode.UNKNOWN_METHOD:<br/>            exception_class = UnknownMethodException<br/>        else:<br/>            exception_class = WebDriverException<br/>        if not value:<br/>            value = response[&#x27;value&#x27;]<br/>        if isinstance(value, str):<br/>            raise exception_class(value)<br/>        if message == &quot;&quot; and &#x27;message&#x27; in value:<br/>            message = value[&#x27;message&#x27;]<br/>    <br/>        screen = None  # type: ignore[assignment]<br/>        if &#x27;screen&#x27; in value:<br/>            screen = value[&#x27;screen&#x27;]<br/>    <br/>        stacktrace = None<br/>        st_value = value.get(&#x27;stackTrace&#x27;) or value.get(&#x27;stacktrace&#x27;)<br/>        if st_value:<br/>            if isinstance(st_value, str):<br/>                stacktrace = st_value.split(&#x27;\n&#x27;)<br/>            else:<br/>                stacktrace = []<br/>                try:<br/>                    for frame in st_value:<br/>                        line = self._value_or_default(frame, &#x27;lineNumber&#x27;, &#x27;&#x27;)<br/>                        file = self._value_or_default(frame, &#x27;fileName&#x27;, &#x27;&lt;anonymous&gt;&#x27;)<br/>                        if line:<br/>                            file = &quot;%s:%s&quot; % (file, line)<br/>                        meth = self._value_or_default(frame, &#x27;methodName&#x27;, &#x27;&lt;anonymous&gt;&#x27;)<br/>                        if &#x27;className&#x27; in frame:<br/>                            meth = &quot;%s.%s&quot; % (frame[&#x27;className&#x27;], meth)<br/>                        msg = &quot;    at %s (%s)&quot;<br/>                        msg = msg % (meth, file)<br/>                        stacktrace.append(msg)<br/>                except TypeError:<br/>                    pass<br/>        if exception_class == UnexpectedAlertPresentException:<br/>            alert_text = None<br/>            if &#x27;data&#x27; in value:<br/>                alert_text = value[&#x27;data&#x27;].get(&#x27;text&#x27;)<br/>            elif &#x27;alert&#x27; in value:<br/>                alert_text = value[&#x27;alert&#x27;].get(&#x27;text&#x27;)<br/>            raise exception_class(message, screen, stacktrace, alert_text)  # type: ignore[call-arg]  # mypy is not smart enough here<br/>&gt;       raise exception_class(message, screen, stacktrace)<br/><span class="error">E       selenium.common.exceptions.ElementNotInteractableException: Message: element not interactable</span><br/><span class="error">E         (Session info: chrome=104.0.5112.57)</span><br/><span class="error">E       Stacktrace:</span><br/><span class="error">E       0   chromedriver                        0x00000001044c2aa4 chromedriver + 3828388</span><br/><span class="error">E       1   chromedriver                        0x0000000104457ee0 chromedriver + 3391200</span><br/><span class="error">E       2   chromedriver                        0x0000000104150ea0 chromedriver + 216736</span><br/><span class="error">E       3   chromedriver                        0x000000010417b9d0 chromedriver + 391632</span><br/><span class="error">E       4   chromedriver                        0x000000010417b174 chromedriver + 389492</span><br/><span class="error">E       5   chromedriver                        0x00000001041772f0 chromedriver + 373488</span><br/><span class="error">E       6   chromedriver                        0x00000001041a9b14 chromedriver + 580372</span><br/><span class="error">E       7   chromedriver                        0x0000000104175ff8 chromedriver + 368632</span><br/><span class="error">E       8   chromedriver                        0x0000000104498360 chromedriver + 3654496</span><br/><span class="error">E       9   chromedriver                        0x000000010449bc10 chromedriver + 3669008</span><br/><span class="error">E       10  chromedriver                        0x00000001044a0110 chromedriver + 3686672</span><br/><span class="error">E       11  chromedriver                        0x000000010449c618 chromedriver + 3671576</span><br/><span class="error">E       12  chromedriver                        0x000000010447ab04 chromedriver + 3533572</span><br/><span class="error">E       13  chromedriver                        0x00000001044b43d8 chromedriver + 3769304</span><br/><span class="error">E       14  chromedriver                        0x00000001044b453c chromedriver + 3769660</span><br/><span class="error">E       15  chromedriver                        0x00000001044c90b4 chromedriver + 3854516</span><br/><span class="error">E       16  libsystem_pthread.dylib             0x000000019d43426c _pthread_start + 148</span><br/><span class="error">E       17  libsystem_pthread.dylib             0x000000019d42f08c thread_start + 8</span><br/><br/>../../one/venv/lib/python3.8/site-packages/selenium/webdriver/remote/errorhandler.py:247: ElementNotInteractableException<br/></div></td></tr></tbody>
      <tbody class="rerun results-table-row">
        <tr>
          <td class="col-result">Rerun</td>
          <td class="col-name">tests/job_seeker/test_8_2_resume_2_add.py::TestResume2Add::test_adding_resume_2</td>
          <td class="col-duration">22.77</td>
          <td class="col-links"></td></tr>
        <tr>
          <td class="extra" colspan="4">
            <div class="log">self = &lt;Page_Object_Model.tests.job_seeker.test_8_2_resume_2_add.TestResume2Add object at 0x102b94580&gt;<br/>browser = &lt;selenium.webdriver.chrome.webdriver.WebDriver (session=&quot;6194f4e1f375d5f82a84af780d6dc4f6&quot;)&gt;, language = &#x27;/en&#x27;<br/><br/>    @pytest.mark.s_r_c<br/>    def test_adding_resume_2(self, browser, language):  # добавление второго резюме<br/>        url_page = f&quot;{UrlStartPage.prefix}logincasino.work{UrlStartPage.suffix}{language}{UrlStartPage.suffix_page}&quot;<br/>        page = OllPage(browser, url_page)<br/>        # browser.maximize_window()<br/>        page.open()<br/>        browser.refresh()<br/>        page.opening_pop_up_for_login()  # нажатие на кнопку для открытия pop-up окна для регистрации или авторизации<br/>        page.user_authorization(language, 2)  # авторизация пользователя<br/>        page.opening_authorized_user_menu()  # нажатие на кнопку для открытия меню авторизированного пользователя<br/>        page.go_to_personal_cabinet_page()  # нажатие на кнопку для перехода на страницу личного кабинета<br/>    <br/>        job_seeker_personal_cabinet_page = JobSeekerPersonalCabinetPage(browser, browser.current_url)<br/>        job_seeker_personal_cabinet_page.go_to_my_resume_page()  # переход на страницу &quot;Мои резюме&quot;<br/>    <br/>        my_resume_page = MyResumePage(browser, browser.current_url)<br/>        my_resume_page.go_to_add_resume_page()  # переход на страницу &quot;Разместить резюме&quot;<br/>    <br/>        add_resume_page = ResumeAddPage(browser, browser.current_url)<br/>        add_resume_page.filling_in_required_fields(TestData.job_title_resume_2)  # заполнение обязательных полей<br/>        browser.execute_script(&quot;window.scrollBy(0, -4000);&quot;)<br/>&gt;       add_resume_page.filling_in_optional_fields()  # заполнение не обязательных полей<br/><br/>tests/job_seeker/test_8_2_resume_2_add.py:38: <br/>_ _ _ _ _ _ _ _ _ _ _ _ _ _ _ _ _ _ _ _ _ _ _ _ _ _ _ _ _ _ _ _ _ _ _ _ _ _ _ _ <br/>pages/site/resume_add_page.py:72: in filling_in_optional_fields<br/>    self.browser.find_element(*ResumeAddPageLocators.NOT_READY_TO_RELOCATE).click()<br/>../../one/venv/lib/python3.8/site-packages/selenium/webdriver/remote/webelement.py:81: in click<br/>    self._execute(Command.CLICK_ELEMENT)<br/>../../one/venv/lib/python3.8/site-packages/selenium/webdriver/remote/webelement.py:710: in _execute<br/>    return self._parent.execute(command, params)<br/>../../one/venv/lib/python3.8/site-packages/selenium/webdriver/remote/webdriver.py:424: in execute<br/>    self.error_handler.check_response(response)<br/>_ _ _ _ _ _ _ _ _ _ _ _ _ _ _ _ _ _ _ _ _ _ _ _ _ _ _ _ _ _ _ _ _ _ _ _ _ _ _ _ <br/><br/>self = &lt;selenium.webdriver.remote.errorhandler.ErrorHandler object at 0x102f36580&gt;<br/>response = {&#x27;status&#x27;: 400, &#x27;value&#x27;: &#x27;{&quot;value&quot;:{&quot;error&quot;:&quot;element not interactable&quot;,&quot;message&quot;:&quot;element not interactable\\n  (Sessio...00019d43426c _pthread_start + 148\\n17  libsystem_pthread.dylib             0x000000019d42f08c thread_start + 8\\n&quot;}}&#x27;}<br/><br/>    def check_response(self, response: Dict[str, Any]) -&gt; None:<br/>        &quot;&quot;&quot;<br/>        Checks that a JSON response from the WebDriver does not have an error.<br/>    <br/>        :Args:<br/>         - response - The JSON response from the WebDriver server as a dictionary<br/>           object.<br/>    <br/>        :Raises: If the response contains an error message.<br/>        &quot;&quot;&quot;<br/>        status = response.get(&#x27;status&#x27;, None)<br/>        if not status or status == ErrorCode.SUCCESS:<br/>            return<br/>        value = None<br/>        message = response.get(&quot;message&quot;, &quot;&quot;)<br/>        screen: str = response.get(&quot;screen&quot;, &quot;&quot;)<br/>        stacktrace = None<br/>        if isinstance(status, int):<br/>            value_json = response.get(&#x27;value&#x27;, None)<br/>            if value_json and isinstance(value_json, str):<br/>                import json<br/>                try:<br/>                    value = json.loads(value_json)<br/>                    if len(value.keys()) == 1:<br/>                        value = value[&#x27;value&#x27;]<br/>                    status = value.get(&#x27;error&#x27;, None)<br/>                    if not status:<br/>                        status = value.get(&quot;status&quot;, ErrorCode.UNKNOWN_ERROR)<br/>                        message = value.get(&quot;value&quot;) or value.get(&quot;message&quot;)<br/>                        if not isinstance(message, str):<br/>                            value = message<br/>                            message = message.get(&#x27;message&#x27;)<br/>                    else:<br/>                        message = value.get(&#x27;message&#x27;, None)<br/>                except ValueError:<br/>                    pass<br/>    <br/>        exception_class: Type[WebDriverException]<br/>        if status in ErrorCode.NO_SUCH_ELEMENT:<br/>            exception_class = NoSuchElementException<br/>        elif status in ErrorCode.NO_SUCH_FRAME:<br/>            exception_class = NoSuchFrameException<br/>        elif status in ErrorCode.NO_SUCH_SHADOW_ROOT:<br/>            exception_class = NoSuchShadowRootException<br/>        elif status in ErrorCode.NO_SUCH_WINDOW:<br/>            exception_class = NoSuchWindowException<br/>        elif status in ErrorCode.STALE_ELEMENT_REFERENCE:<br/>            exception_class = StaleElementReferenceException<br/>        elif status in ErrorCode.ELEMENT_NOT_VISIBLE:<br/>            exception_class = ElementNotVisibleException<br/>        elif status in ErrorCode.INVALID_ELEMENT_STATE:<br/>            exception_class = InvalidElementStateException<br/>        elif status in ErrorCode.INVALID_SELECTOR \<br/>                or status in ErrorCode.INVALID_XPATH_SELECTOR \<br/>                or status in ErrorCode.INVALID_XPATH_SELECTOR_RETURN_TYPER:<br/>            exception_class = InvalidSelectorException<br/>        elif status in ErrorCode.ELEMENT_IS_NOT_SELECTABLE:<br/>            exception_class = ElementNotSelectableException<br/>        elif status in ErrorCode.ELEMENT_NOT_INTERACTABLE:<br/>            exception_class = ElementNotInteractableException<br/>        elif status in ErrorCode.INVALID_COOKIE_DOMAIN:<br/>            exception_class = InvalidCookieDomainException<br/>        elif status in ErrorCode.UNABLE_TO_SET_COOKIE:<br/>            exception_class = UnableToSetCookieException<br/>        elif status in ErrorCode.TIMEOUT:<br/>            exception_class = TimeoutException<br/>        elif status in ErrorCode.SCRIPT_TIMEOUT:<br/>            exception_class = TimeoutException<br/>        elif status in ErrorCode.UNKNOWN_ERROR:<br/>            exception_class = WebDriverException<br/>        elif status in ErrorCode.UNEXPECTED_ALERT_OPEN:<br/>            exception_class = UnexpectedAlertPresentException<br/>        elif status in ErrorCode.NO_ALERT_OPEN:<br/>            exception_class = NoAlertPresentException<br/>        elif status in ErrorCode.IME_NOT_AVAILABLE:<br/>            exception_class = ImeNotAvailableException<br/>        elif status in ErrorCode.IME_ENGINE_ACTIVATION_FAILED:<br/>            exception_class = ImeActivationFailedException<br/>        elif status in ErrorCode.MOVE_TARGET_OUT_OF_BOUNDS:<br/>            exception_class = MoveTargetOutOfBoundsException<br/>        elif status in ErrorCode.JAVASCRIPT_ERROR:<br/>            exception_class = JavascriptException<br/>        elif status in ErrorCode.SESSION_NOT_CREATED:<br/>            exception_class = SessionNotCreatedException<br/>        elif status in ErrorCode.INVALID_ARGUMENT:<br/>            exception_class = InvalidArgumentException<br/>        elif status in ErrorCode.NO_SUCH_COOKIE:<br/>            exception_class = NoSuchCookieException<br/>        elif status in ErrorCode.UNABLE_TO_CAPTURE_SCREEN:<br/>            exception_class = ScreenshotException<br/>        elif status in ErrorCode.ELEMENT_CLICK_INTERCEPTED:<br/>            exception_class = ElementClickInterceptedException<br/>        elif status in ErrorCode.INSECURE_CERTIFICATE:<br/>            exception_class = InsecureCertificateException<br/>        elif status in ErrorCode.INVALID_COORDINATES:<br/>            exception_class = InvalidCoordinatesException<br/>        elif status in ErrorCode.INVALID_SESSION_ID:<br/>            exception_class = InvalidSessionIdException<br/>        elif status in ErrorCode.UNKNOWN_METHOD:<br/>            exception_class = UnknownMethodException<br/>        else:<br/>            exception_class = WebDriverException<br/>        if not value:<br/>            value = response[&#x27;value&#x27;]<br/>        if isinstance(value, str):<br/>            raise exception_class(value)<br/>        if message == &quot;&quot; and &#x27;message&#x27; in value:<br/>            message = value[&#x27;message&#x27;]<br/>    <br/>        screen = None  # type: ignore[assignment]<br/>        if &#x27;screen&#x27; in value:<br/>            screen = value[&#x27;screen&#x27;]<br/>    <br/>        stacktrace = None<br/>        st_value = value.get(&#x27;stackTrace&#x27;) or value.get(&#x27;stacktrace&#x27;)<br/>        if st_value:<br/>            if isinstance(st_value, str):<br/>                stacktrace = st_value.split(&#x27;\n&#x27;)<br/>            else:<br/>                stacktrace = []<br/>                try:<br/>                    for frame in st_value:<br/>                        line = self._value_or_default(frame, &#x27;lineNumber&#x27;, &#x27;&#x27;)<br/>                        file = self._value_or_default(frame, &#x27;fileName&#x27;, &#x27;&lt;anonymous&gt;&#x27;)<br/>                        if line:<br/>                            file = &quot;%s:%s&quot; % (file, line)<br/>                        meth = self._value_or_default(frame, &#x27;methodName&#x27;, &#x27;&lt;anonymous&gt;&#x27;)<br/>                        if &#x27;className&#x27; in frame:<br/>                            meth = &quot;%s.%s&quot; % (frame[&#x27;className&#x27;], meth)<br/>                        msg = &quot;    at %s (%s)&quot;<br/>                        msg = msg % (meth, file)<br/>                        stacktrace.append(msg)<br/>                except TypeError:<br/>                    pass<br/>        if exception_class == UnexpectedAlertPresentException:<br/>            alert_text = None<br/>            if &#x27;data&#x27; in value:<br/>                alert_text = value[&#x27;data&#x27;].get(&#x27;text&#x27;)<br/>            elif &#x27;alert&#x27; in value:<br/>                alert_text = value[&#x27;alert&#x27;].get(&#x27;text&#x27;)<br/>            raise exception_class(message, screen, stacktrace, alert_text)  # type: ignore[call-arg]  # mypy is not smart enough here<br/>&gt;       raise exception_class(message, screen, stacktrace)<br/><span class="error">E       selenium.common.exceptions.ElementNotInteractableException: Message: element not interactable</span><br/><span class="error">E         (Session info: chrome=104.0.5112.57)</span><br/><span class="error">E       Stacktrace:</span><br/><span class="error">E       0   chromedriver                        0x0000000102e66aa4 chromedriver + 3828388</span><br/><span class="error">E       1   chromedriver                        0x0000000102dfbee0 chromedriver + 3391200</span><br/><span class="error">E       2   chromedriver                        0x0000000102af4ea0 chromedriver + 216736</span><br/><span class="error">E       3   chromedriver                        0x0000000102b25a6c chromedriver + 416364</span><br/><span class="error">E       4   chromedriver                        0x0000000102b1b904 chromedriver + 375044</span><br/><span class="error">E       5   chromedriver                        0x0000000102b1b2f0 chromedriver + 373488</span><br/><span class="error">E       6   chromedriver                        0x0000000102b4db14 chromedriver + 580372</span><br/><span class="error">E       7   chromedriver                        0x0000000102b19ff8 chromedriver + 368632</span><br/><span class="error">E       8   chromedriver                        0x0000000102e3c360 chromedriver + 3654496</span><br/><span class="error">E       9   chromedriver                        0x0000000102e3fc10 chromedriver + 3669008</span><br/><span class="error">E       10  chromedriver                        0x0000000102e44110 chromedriver + 3686672</span><br/><span class="error">E       11  chromedriver                        0x0000000102e40618 chromedriver + 3671576</span><br/><span class="error">E       12  chromedriver                        0x0000000102e1eb04 chromedriver + 3533572</span><br/><span class="error">E       13  chromedriver                        0x0000000102e583d8 chromedriver + 3769304</span><br/><span class="error">E       14  chromedriver                        0x0000000102e5853c chromedriver + 3769660</span><br/><span class="error">E       15  chromedriver                        0x0000000102e6d0b4 chromedriver + 3854516</span><br/><span class="error">E       16  libsystem_pthread.dylib             0x000000019d43426c _pthread_start + 148</span><br/><span class="error">E       17  libsystem_pthread.dylib             0x000000019d42f08c thread_start + 8</span><br/><br/>../../one/venv/lib/python3.8/site-packages/selenium/webdriver/remote/errorhandler.py:247: ElementNotInteractableException<br/></div></td></tr></tbody>
      <tbody class="rerun results-table-row">
        <tr>
          <td class="col-result">Rerun</td>
          <td class="col-name">tests/job_seeker/test_8_2_resume_2_add.py::TestResume2Add::test_adding_resume_2</td>
          <td class="col-duration">30.85</td>
          <td class="col-links"></td></tr>
        <tr>
          <td class="extra" colspan="4">
            <div class="log">self = &lt;Page_Object_Model.tests.job_seeker.test_8_2_resume_2_add.TestResume2Add object at 0x102b94580&gt;<br/>browser = &lt;selenium.webdriver.chrome.webdriver.WebDriver (session=&quot;baec74b1be2e05ea63971a6387e0c010&quot;)&gt;, language = &#x27;/en&#x27;<br/><br/>    @pytest.mark.s_r_c<br/>    def test_adding_resume_2(self, browser, language):  # добавление второго резюме<br/>        url_page = f&quot;{UrlStartPage.prefix}logincasino.work{UrlStartPage.suffix}{language}{UrlStartPage.suffix_page}&quot;<br/>        page = OllPage(browser, url_page)<br/>        # browser.maximize_window()<br/>        page.open()<br/>        browser.refresh()<br/>        page.opening_pop_up_for_login()  # нажатие на кнопку для открытия pop-up окна для регистрации или авторизации<br/>        page.user_authorization(language, 2)  # авторизация пользователя<br/>        page.opening_authorized_user_menu()  # нажатие на кнопку для открытия меню авторизированного пользователя<br/>        page.go_to_personal_cabinet_page()  # нажатие на кнопку для перехода на страницу личного кабинета<br/>    <br/>        job_seeker_personal_cabinet_page = JobSeekerPersonalCabinetPage(browser, browser.current_url)<br/>        job_seeker_personal_cabinet_page.go_to_my_resume_page()  # переход на страницу &quot;Мои резюме&quot;<br/>    <br/>        my_resume_page = MyResumePage(browser, browser.current_url)<br/>        my_resume_page.go_to_add_resume_page()  # переход на страницу &quot;Разместить резюме&quot;<br/>    <br/>        add_resume_page = ResumeAddPage(browser, browser.current_url)<br/>        add_resume_page.filling_in_required_fields(TestData.job_title_resume_2)  # заполнение обязательных полей<br/>        browser.execute_script(&quot;window.scrollBy(0, -4000);&quot;)<br/>&gt;       add_resume_page.filling_in_optional_fields()  # заполнение не обязательных полей<br/><br/>tests/job_seeker/test_8_2_resume_2_add.py:38: <br/>_ _ _ _ _ _ _ _ _ _ _ _ _ _ _ _ _ _ _ _ _ _ _ _ _ _ _ _ _ _ _ _ _ _ _ _ _ _ _ _ <br/>pages/site/resume_add_page.py:215: in filling_in_optional_fields<br/>    self.browser.find_element(*city_minsk_education).click()<br/>../../one/venv/lib/python3.8/site-packages/selenium/webdriver/remote/webdriver.py:1244: in find_element<br/>    return self.execute(Command.FIND_ELEMENT, {<br/>../../one/venv/lib/python3.8/site-packages/selenium/webdriver/remote/webdriver.py:424: in execute<br/>    self.error_handler.check_response(response)<br/>_ _ _ _ _ _ _ _ _ _ _ _ _ _ _ _ _ _ _ _ _ _ _ _ _ _ _ _ _ _ _ _ _ _ _ _ _ _ _ _ <br/><br/>self = &lt;selenium.webdriver.remote.errorhandler.ErrorHandler object at 0x10387b9d0&gt;<br/>response = {&#x27;status&#x27;: 404, &#x27;value&#x27;: &#x27;{&quot;value&quot;:{&quot;error&quot;:&quot;no such element&quot;,&quot;message&quot;:&quot;no such element: Unable to locate element: {\...00019d43426c _pthread_start + 148\\n15  libsystem_pthread.dylib             0x000000019d42f08c thread_start + 8\\n&quot;}}&#x27;}<br/><br/>    def check_response(self, response: Dict[str, Any]) -&gt; None:<br/>        &quot;&quot;&quot;<br/>        Checks that a JSON response from the WebDriver does not have an error.<br/>    <br/>        :Args:<br/>         - response - The JSON response from the WebDriver server as a dictionary<br/>           object.<br/>    <br/>        :Raises: If the response contains an error message.<br/>        &quot;&quot;&quot;<br/>        status = response.get(&#x27;status&#x27;, None)<br/>        if not status or status == ErrorCode.SUCCESS:<br/>            return<br/>        value = None<br/>        message = response.get(&quot;message&quot;, &quot;&quot;)<br/>        screen: str = response.get(&quot;screen&quot;, &quot;&quot;)<br/>        stacktrace = None<br/>        if isinstance(status, int):<br/>            value_json = response.get(&#x27;value&#x27;, None)<br/>            if value_json and isinstance(value_json, str):<br/>                import json<br/>                try:<br/>                    value = json.loads(value_json)<br/>                    if len(value.keys()) == 1:<br/>                        value = value[&#x27;value&#x27;]<br/>                    status = value.get(&#x27;error&#x27;, None)<br/>                    if not status:<br/>                        status = value.get(&quot;status&quot;, ErrorCode.UNKNOWN_ERROR)<br/>                        message = value.get(&quot;value&quot;) or value.get(&quot;message&quot;)<br/>                        if not isinstance(message, str):<br/>                            value = message<br/>                            message = message.get(&#x27;message&#x27;)<br/>                    else:<br/>                        message = value.get(&#x27;message&#x27;, None)<br/>                except ValueError:<br/>                    pass<br/>    <br/>        exception_class: Type[WebDriverException]<br/>        if status in ErrorCode.NO_SUCH_ELEMENT:<br/>            exception_class = NoSuchElementException<br/>        elif status in ErrorCode.NO_SUCH_FRAME:<br/>            exception_class = NoSuchFrameException<br/>        elif status in ErrorCode.NO_SUCH_SHADOW_ROOT:<br/>            exception_class = NoSuchShadowRootException<br/>        elif status in ErrorCode.NO_SUCH_WINDOW:<br/>            exception_class = NoSuchWindowException<br/>        elif status in ErrorCode.STALE_ELEMENT_REFERENCE:<br/>            exception_class = StaleElementReferenceException<br/>        elif status in ErrorCode.ELEMENT_NOT_VISIBLE:<br/>            exception_class = ElementNotVisibleException<br/>        elif status in ErrorCode.INVALID_ELEMENT_STATE:<br/>            exception_class = InvalidElementStateException<br/>        elif status in ErrorCode.INVALID_SELECTOR \<br/>                or status in ErrorCode.INVALID_XPATH_SELECTOR \<br/>                or status in ErrorCode.INVALID_XPATH_SELECTOR_RETURN_TYPER:<br/>            exception_class = InvalidSelectorException<br/>        elif status in ErrorCode.ELEMENT_IS_NOT_SELECTABLE:<br/>            exception_class = ElementNotSelectableException<br/>        elif status in ErrorCode.ELEMENT_NOT_INTERACTABLE:<br/>            exception_class = ElementNotInteractableException<br/>        elif status in ErrorCode.INVALID_COOKIE_DOMAIN:<br/>            exception_class = InvalidCookieDomainException<br/>        elif status in ErrorCode.UNABLE_TO_SET_COOKIE:<br/>            exception_class = UnableToSetCookieException<br/>        elif status in ErrorCode.TIMEOUT:<br/>            exception_class = TimeoutException<br/>        elif status in ErrorCode.SCRIPT_TIMEOUT:<br/>            exception_class = TimeoutException<br/>        elif status in ErrorCode.UNKNOWN_ERROR:<br/>            exception_class = WebDriverException<br/>        elif status in ErrorCode.UNEXPECTED_ALERT_OPEN:<br/>            exception_class = UnexpectedAlertPresentException<br/>        elif status in ErrorCode.NO_ALERT_OPEN:<br/>            exception_class = NoAlertPresentException<br/>        elif status in ErrorCode.IME_NOT_AVAILABLE:<br/>            exception_class = ImeNotAvailableException<br/>        elif status in ErrorCode.IME_ENGINE_ACTIVATION_FAILED:<br/>            exception_class = ImeActivationFailedException<br/>        elif status in ErrorCode.MOVE_TARGET_OUT_OF_BOUNDS:<br/>            exception_class = MoveTargetOutOfBoundsException<br/>        elif status in ErrorCode.JAVASCRIPT_ERROR:<br/>            exception_class = JavascriptException<br/>        elif status in ErrorCode.SESSION_NOT_CREATED:<br/>            exception_class = SessionNotCreatedException<br/>        elif status in ErrorCode.INVALID_ARGUMENT:<br/>            exception_class = InvalidArgumentException<br/>        elif status in ErrorCode.NO_SUCH_COOKIE:<br/>            exception_class = NoSuchCookieException<br/>        elif status in ErrorCode.UNABLE_TO_CAPTURE_SCREEN:<br/>            exception_class = ScreenshotException<br/>        elif status in ErrorCode.ELEMENT_CLICK_INTERCEPTED:<br/>            exception_class = ElementClickInterceptedException<br/>        elif status in ErrorCode.INSECURE_CERTIFICATE:<br/>            exception_class = InsecureCertificateException<br/>        elif status in ErrorCode.INVALID_COORDINATES:<br/>            exception_class = InvalidCoordinatesException<br/>        elif status in ErrorCode.INVALID_SESSION_ID:<br/>            exception_class = InvalidSessionIdException<br/>        elif status in ErrorCode.UNKNOWN_METHOD:<br/>            exception_class = UnknownMethodException<br/>        else:<br/>            exception_class = WebDriverException<br/>        if not value:<br/>            value = response[&#x27;value&#x27;]<br/>        if isinstance(value, str):<br/>            raise exception_class(value)<br/>        if message == &quot;&quot; and &#x27;message&#x27; in value:<br/>            message = value[&#x27;message&#x27;]<br/>    <br/>        screen = None  # type: ignore[assignment]<br/>        if &#x27;screen&#x27; in value:<br/>            screen = value[&#x27;screen&#x27;]<br/>    <br/>        stacktrace = None<br/>        st_value = value.get(&#x27;stackTrace&#x27;) or value.get(&#x27;stacktrace&#x27;)<br/>        if st_value:<br/>            if isinstance(st_value, str):<br/>                stacktrace = st_value.split(&#x27;\n&#x27;)<br/>            else:<br/>                stacktrace = []<br/>                try:<br/>                    for frame in st_value:<br/>                        line = self._value_or_default(frame, &#x27;lineNumber&#x27;, &#x27;&#x27;)<br/>                        file = self._value_or_default(frame, &#x27;fileName&#x27;, &#x27;&lt;anonymous&gt;&#x27;)<br/>                        if line:<br/>                            file = &quot;%s:%s&quot; % (file, line)<br/>                        meth = self._value_or_default(frame, &#x27;methodName&#x27;, &#x27;&lt;anonymous&gt;&#x27;)<br/>                        if &#x27;className&#x27; in frame:<br/>                            meth = &quot;%s.%s&quot; % (frame[&#x27;className&#x27;], meth)<br/>                        msg = &quot;    at %s (%s)&quot;<br/>                        msg = msg % (meth, file)<br/>                        stacktrace.append(msg)<br/>                except TypeError:<br/>                    pass<br/>        if exception_class == UnexpectedAlertPresentException:<br/>            alert_text = None<br/>            if &#x27;data&#x27; in value:<br/>                alert_text = value[&#x27;data&#x27;].get(&#x27;text&#x27;)<br/>            elif &#x27;alert&#x27; in value:<br/>                alert_text = value[&#x27;alert&#x27;].get(&#x27;text&#x27;)<br/>            raise exception_class(message, screen, stacktrace, alert_text)  # type: ignore[call-arg]  # mypy is not smart enough here<br/>&gt;       raise exception_class(message, screen, stacktrace)<br/><span class="error">E       selenium.common.exceptions.NoSuchElementException: Message: no such element: Unable to locate element: {&quot;method&quot;:&quot;xpath&quot;,&quot;selector&quot;:&quot;//div[@id=&quot;education&quot;]//div[contains(@class, &quot;additional-block-item&quot;)][2]//form[contains(@id, &quot;education-form&quot;)]/div[4]//li[25]/a&quot;}</span><br/><span class="error">E         (Session info: chrome=104.0.5112.57)</span><br/><span class="error">E       Stacktrace:</span><br/><span class="error">E       0   chromedriver                        0x000000010495aaa4 chromedriver + 3828388</span><br/><span class="error">E       1   chromedriver                        0x00000001048efee0 chromedriver + 3391200</span><br/><span class="error">E       2   chromedriver                        0x00000001045e8fcc chromedriver + 217036</span><br/><span class="error">E       3   chromedriver                        0x0000000104618b64 chromedriver + 412516</span><br/><span class="error">E       4   chromedriver                        0x0000000104641b14 chromedriver + 580372</span><br/><span class="error">E       5   chromedriver                        0x000000010460dff8 chromedriver + 368632</span><br/><span class="error">E       6   chromedriver                        0x0000000104930360 chromedriver + 3654496</span><br/><span class="error">E       7   chromedriver                        0x0000000104933c10 chromedriver + 3669008</span><br/><span class="error">E       8   chromedriver                        0x0000000104938110 chromedriver + 3686672</span><br/><span class="error">E       9   chromedriver                        0x0000000104934618 chromedriver + 3671576</span><br/><span class="error">E       10  chromedriver                        0x0000000104912b04 chromedriver + 3533572</span><br/><span class="error">E       11  chromedriver                        0x000000010494c3d8 chromedriver + 3769304</span><br/><span class="error">E       12  chromedriver                        0x000000010494c53c chromedriver + 3769660</span><br/><span class="error">E       13  chromedriver                        0x00000001049610b4 chromedriver + 3854516</span><br/><span class="error">E       14  libsystem_pthread.dylib             0x000000019d43426c _pthread_start + 148</span><br/><span class="error">E       15  libsystem_pthread.dylib             0x000000019d42f08c thread_start + 8</span><br/><br/>../../one/venv/lib/python3.8/site-packages/selenium/webdriver/remote/errorhandler.py:247: NoSuchElementException<br/></div></td></tr></tbody>
      <tbody class="rerun results-table-row">
        <tr>
          <td class="col-result">Rerun</td>
          <td class="col-name">tests/job_seeker_and_company/test_4_1_opening_contacts_in_resume.py::TestBlockOfContactsOnResumePage::test_block_of_contacts_on_resume_page</td>
          <td class="col-duration">15.53</td>
          <td class="col-links"></td></tr>
        <tr>
          <td class="extra" colspan="4">
            <div class="log">self = &lt;Page_Object_Model.tests.job_seeker_and_company.test_4_1_opening_contacts_in_resume.TestBlockOfContactsOnResumePage object at 0x102ba3ca0&gt;<br/>browser = &lt;selenium.webdriver.chrome.webdriver.WebDriver (session=&quot;d3828f7d3b26b3662e6443e069dd4b6e&quot;)&gt;, language = &#x27;/en&#x27;<br/><br/>    def test_block_of_contacts_on_resume_page(self, browser, language):  # блок контактов на странице резюме<br/>        url_page = f&quot;{UrlStartPage.prefix}logincasino.work{UrlStartPage.suffix}{language}{UrlStartPage.suffix_page}&quot;<br/>        page = OllPage(browser, url_page)<br/>        # browser.maximize_window()<br/>        page.open()<br/>        browser.refresh()<br/>        page.go_to_resume_page_through_header()  # переход на страницу всех резюме через хедер<br/>    <br/>        resumes_page = ResumesPage(browser, browser.current_url)<br/>    <br/>        page.opening_pop_up_for_login()  # нажатие на кнопку для открытия pop-up окна для регистрации или авторизации<br/>        page.user_authorization(language, 1)  # авторизация пользователя<br/>    <br/>&gt;       resumes_page.search_resume_by_job_title(TestData.job_title_resume_2)  # поиск резюме по названию<br/><br/>tests/job_seeker_and_company/test_4_1_opening_contacts_in_resume.py:28: <br/>_ _ _ _ _ _ _ _ _ _ _ _ _ _ _ _ _ _ _ _ _ _ _ _ _ _ _ _ _ _ _ _ _ _ _ _ _ _ _ _ <br/>pages/site/resumes_page.py:9: in search_resume_by_job_title<br/>    self.browser.find_element(*ResumesPageLocators.BUTTON_SEARCH).click()<br/>../../one/venv/lib/python3.8/site-packages/selenium/webdriver/remote/webelement.py:81: in click<br/>    self._execute(Command.CLICK_ELEMENT)<br/>../../one/venv/lib/python3.8/site-packages/selenium/webdriver/remote/webelement.py:710: in _execute<br/>    return self._parent.execute(command, params)<br/>../../one/venv/lib/python3.8/site-packages/selenium/webdriver/remote/webdriver.py:424: in execute<br/>    self.error_handler.check_response(response)<br/>_ _ _ _ _ _ _ _ _ _ _ _ _ _ _ _ _ _ _ _ _ _ _ _ _ _ _ _ _ _ _ _ _ _ _ _ _ _ _ _ <br/><br/>self = &lt;selenium.webdriver.remote.errorhandler.ErrorHandler object at 0x103906640&gt;<br/>response = {&#x27;status&#x27;: 400, &#x27;value&#x27;: &#x27;{&quot;value&quot;:{&quot;error&quot;:&quot;element click intercepted&quot;,&quot;message&quot;:&quot;element click intercepted: Element ...00019d43426c _pthread_start + 148\\n20  libsystem_pthread.dylib             0x000000019d42f08c thread_start + 8\\n&quot;}}&#x27;}<br/><br/>    def check_response(self, response: Dict[str, Any]) -&gt; None:<br/>        &quot;&quot;&quot;<br/>        Checks that a JSON response from the WebDriver does not have an error.<br/>    <br/>        :Args:<br/>         - response - The JSON response from the WebDriver server as a dictionary<br/>           object.<br/>    <br/>        :Raises: If the response contains an error message.<br/>        &quot;&quot;&quot;<br/>        status = response.get(&#x27;status&#x27;, None)<br/>        if not status or status == ErrorCode.SUCCESS:<br/>            return<br/>        value = None<br/>        message = response.get(&quot;message&quot;, &quot;&quot;)<br/>        screen: str = response.get(&quot;screen&quot;, &quot;&quot;)<br/>        stacktrace = None<br/>        if isinstance(status, int):<br/>            value_json = response.get(&#x27;value&#x27;, None)<br/>            if value_json and isinstance(value_json, str):<br/>                import json<br/>                try:<br/>                    value = json.loads(value_json)<br/>                    if len(value.keys()) == 1:<br/>                        value = value[&#x27;value&#x27;]<br/>                    status = value.get(&#x27;error&#x27;, None)<br/>                    if not status:<br/>                        status = value.get(&quot;status&quot;, ErrorCode.UNKNOWN_ERROR)<br/>                        message = value.get(&quot;value&quot;) or value.get(&quot;message&quot;)<br/>                        if not isinstance(message, str):<br/>                            value = message<br/>                            message = message.get(&#x27;message&#x27;)<br/>                    else:<br/>                        message = value.get(&#x27;message&#x27;, None)<br/>                except ValueError:<br/>                    pass<br/>    <br/>        exception_class: Type[WebDriverException]<br/>        if status in ErrorCode.NO_SUCH_ELEMENT:<br/>            exception_class = NoSuchElementException<br/>        elif status in ErrorCode.NO_SUCH_FRAME:<br/>            exception_class = NoSuchFrameException<br/>        elif status in ErrorCode.NO_SUCH_SHADOW_ROOT:<br/>            exception_class = NoSuchShadowRootException<br/>        elif status in ErrorCode.NO_SUCH_WINDOW:<br/>            exception_class = NoSuchWindowException<br/>        elif status in ErrorCode.STALE_ELEMENT_REFERENCE:<br/>            exception_class = StaleElementReferenceException<br/>        elif status in ErrorCode.ELEMENT_NOT_VISIBLE:<br/>            exception_class = ElementNotVisibleException<br/>        elif status in ErrorCode.INVALID_ELEMENT_STATE:<br/>            exception_class = InvalidElementStateException<br/>        elif status in ErrorCode.INVALID_SELECTOR \<br/>                or status in ErrorCode.INVALID_XPATH_SELECTOR \<br/>                or status in ErrorCode.INVALID_XPATH_SELECTOR_RETURN_TYPER:<br/>            exception_class = InvalidSelectorException<br/>        elif status in ErrorCode.ELEMENT_IS_NOT_SELECTABLE:<br/>            exception_class = ElementNotSelectableException<br/>        elif status in ErrorCode.ELEMENT_NOT_INTERACTABLE:<br/>            exception_class = ElementNotInteractableException<br/>        elif status in ErrorCode.INVALID_COOKIE_DOMAIN:<br/>            exception_class = InvalidCookieDomainException<br/>        elif status in ErrorCode.UNABLE_TO_SET_COOKIE:<br/>            exception_class = UnableToSetCookieException<br/>        elif status in ErrorCode.TIMEOUT:<br/>            exception_class = TimeoutException<br/>        elif status in ErrorCode.SCRIPT_TIMEOUT:<br/>            exception_class = TimeoutException<br/>        elif status in ErrorCode.UNKNOWN_ERROR:<br/>            exception_class = WebDriverException<br/>        elif status in ErrorCode.UNEXPECTED_ALERT_OPEN:<br/>            exception_class = UnexpectedAlertPresentException<br/>        elif status in ErrorCode.NO_ALERT_OPEN:<br/>            exception_class = NoAlertPresentException<br/>        elif status in ErrorCode.IME_NOT_AVAILABLE:<br/>            exception_class = ImeNotAvailableException<br/>        elif status in ErrorCode.IME_ENGINE_ACTIVATION_FAILED:<br/>            exception_class = ImeActivationFailedException<br/>        elif status in ErrorCode.MOVE_TARGET_OUT_OF_BOUNDS:<br/>            exception_class = MoveTargetOutOfBoundsException<br/>        elif status in ErrorCode.JAVASCRIPT_ERROR:<br/>            exception_class = JavascriptException<br/>        elif status in ErrorCode.SESSION_NOT_CREATED:<br/>            exception_class = SessionNotCreatedException<br/>        elif status in ErrorCode.INVALID_ARGUMENT:<br/>            exception_class = InvalidArgumentException<br/>        elif status in ErrorCode.NO_SUCH_COOKIE:<br/>            exception_class = NoSuchCookieException<br/>        elif status in ErrorCode.UNABLE_TO_CAPTURE_SCREEN:<br/>            exception_class = ScreenshotException<br/>        elif status in ErrorCode.ELEMENT_CLICK_INTERCEPTED:<br/>            exception_class = ElementClickInterceptedException<br/>        elif status in ErrorCode.INSECURE_CERTIFICATE:<br/>            exception_class = InsecureCertificateException<br/>        elif status in ErrorCode.INVALID_COORDINATES:<br/>            exception_class = InvalidCoordinatesException<br/>        elif status in ErrorCode.INVALID_SESSION_ID:<br/>            exception_class = InvalidSessionIdException<br/>        elif status in ErrorCode.UNKNOWN_METHOD:<br/>            exception_class = UnknownMethodException<br/>        else:<br/>            exception_class = WebDriverException<br/>        if not value:<br/>            value = response[&#x27;value&#x27;]<br/>        if isinstance(value, str):<br/>            raise exception_class(value)<br/>        if message == &quot;&quot; and &#x27;message&#x27; in value:<br/>            message = value[&#x27;message&#x27;]<br/>    <br/>        screen = None  # type: ignore[assignment]<br/>        if &#x27;screen&#x27; in value:<br/>            screen = value[&#x27;screen&#x27;]<br/>    <br/>        stacktrace = None<br/>        st_value = value.get(&#x27;stackTrace&#x27;) or value.get(&#x27;stacktrace&#x27;)<br/>        if st_value:<br/>            if isinstance(st_value, str):<br/>                stacktrace = st_value.split(&#x27;\n&#x27;)<br/>            else:<br/>                stacktrace = []<br/>                try:<br/>                    for frame in st_value:<br/>                        line = self._value_or_default(frame, &#x27;lineNumber&#x27;, &#x27;&#x27;)<br/>                        file = self._value_or_default(frame, &#x27;fileName&#x27;, &#x27;&lt;anonymous&gt;&#x27;)<br/>                        if line:<br/>                            file = &quot;%s:%s&quot; % (file, line)<br/>                        meth = self._value_or_default(frame, &#x27;methodName&#x27;, &#x27;&lt;anonymous&gt;&#x27;)<br/>                        if &#x27;className&#x27; in frame:<br/>                            meth = &quot;%s.%s&quot; % (frame[&#x27;className&#x27;], meth)<br/>                        msg = &quot;    at %s (%s)&quot;<br/>                        msg = msg % (meth, file)<br/>                        stacktrace.append(msg)<br/>                except TypeError:<br/>                    pass<br/>        if exception_class == UnexpectedAlertPresentException:<br/>            alert_text = None<br/>            if &#x27;data&#x27; in value:<br/>                alert_text = value[&#x27;data&#x27;].get(&#x27;text&#x27;)<br/>            elif &#x27;alert&#x27; in value:<br/>                alert_text = value[&#x27;alert&#x27;].get(&#x27;text&#x27;)<br/>            raise exception_class(message, screen, stacktrace, alert_text)  # type: ignore[call-arg]  # mypy is not smart enough here<br/>&gt;       raise exception_class(message, screen, stacktrace)<br/><span class="error">E       selenium.common.exceptions.ElementClickInterceptedException: Message: element click intercepted: Element &lt;button type=&quot;submit&quot; id=&quot;top-sort-form-btn&quot; class=&quot;btn btn-blue&quot;&gt;...&lt;/button&gt; is not clickable at point (1402, 505). Other element would receive the click: &lt;div class=&quot;modal respond-modal show&quot; id=&quot;modal-logged&quot; aria-modal=&quot;true&quot; style=&quot;padding-right: 15px; display: block;&quot;&gt;...&lt;/div&gt;</span><br/><span class="error">E         (Session info: chrome=104.0.5112.57)</span><br/><span class="error">E       Stacktrace:</span><br/><span class="error">E       0   chromedriver                        0x00000001011e6aa4 chromedriver + 3828388</span><br/><span class="error">E       1   chromedriver                        0x000000010117bee0 chromedriver + 3391200</span><br/><span class="error">E       2   chromedriver                        0x0000000100e74fcc chromedriver + 217036</span><br/><span class="error">E       3   chromedriver                        0x0000000100eaaddc chromedriver + 437724</span><br/><span class="error">E       4   chromedriver                        0x0000000100ea9004 chromedriver + 430084</span><br/><span class="error">E       5   chromedriver                        0x0000000100ea6e20 chromedriver + 421408</span><br/><span class="error">E       6   chromedriver                        0x0000000100ea5dac chromedriver + 417196</span><br/><span class="error">E       7   chromedriver                        0x0000000100e9b904 chromedriver + 375044</span><br/><span class="error">E       8   chromedriver                        0x0000000100e9b2f0 chromedriver + 373488</span><br/><span class="error">E       9   chromedriver                        0x0000000100ecdb14 chromedriver + 580372</span><br/><span class="error">E       10  chromedriver                        0x0000000100e99ff8 chromedriver + 368632</span><br/><span class="error">E       11  chromedriver                        0x00000001011bc360 chromedriver + 3654496</span><br/><span class="error">E       12  chromedriver                        0x00000001011bfc10 chromedriver + 3669008</span><br/><span class="error">E       13  chromedriver                        0x00000001011c4110 chromedriver + 3686672</span><br/><span class="error">E       14  chromedriver                        0x00000001011c0618 chromedriver + 3671576</span><br/><span class="error">E       15  chromedriver                        0x000000010119eb04 chromedriver + 3533572</span><br/><span class="error">E       16  chromedriver                        0x00000001011d83d8 chromedriver + 3769304</span><br/><span class="error">E       17  chromedriver                        0x00000001011d853c chromedriver + 3769660</span><br/><span class="error">E       18  chromedriver                        0x00000001011ed0b4 chromedriver + 3854516</span><br/><span class="error">E       19  libsystem_pthread.dylib             0x000000019d43426c _pthread_start + 148</span><br/><span class="error">E       20  libsystem_pthread.dylib             0x000000019d42f08c thread_start + 8</span><br/><br/>../../one/venv/lib/python3.8/site-packages/selenium/webdriver/remote/errorhandler.py:247: ElementClickInterceptedException<br/></div></td></tr></tbody>
      <tbody class="skipped results-table-row">
        <tr>
          <td class="col-result">Skipped</td>
          <td class="col-name">tests/test_sitemap_xml.py::test_checking_response_statuses_of_all_pages_in_sitemap_xml::setup</td>
          <td class="col-duration">0.00</td>
          <td class="col-links"></td></tr>
        <tr>
          <td class="extra" colspan="4">
            <div class="log">(&#x27;/Users/sl./PycharmProjects/smileexpo/Page_Object_Model/tests/test_sitemap_xml.py&#x27;, 6, &#x27;Skipped: unconditional skip&#x27;)<br/></div></td></tr></tbody>
      <tbody class="skipped results-table-row">
        <tr>
          <td class="col-result">Skipped</td>
          <td class="col-name">tests/company/test_4_0_package_purchase_monthly_free_vacancy.py::TestPackagePurchaseMonthlyFreeVacancy::test_package_purchase_monthly_free_vacancy_and_activating_it_on_site::setup</td>
          <td class="col-duration">0.00</td>
          <td class="col-links"></td></tr>
        <tr>
          <td class="extra" colspan="4">
            <div class="log">(&#x27;/Users/sl./PycharmProjects/smileexpo/Page_Object_Model/tests/company/test_4_0_package_purchase_monthly_free_vacancy.py&#x27;, 15, &#x27;Skipped: unconditional skip&#x27;)<br/></div></td></tr></tbody>
      <tbody class="passed results-table-row">
        <tr>
          <td class="col-result">Passed</td>
          <td class="col-name">tests/company/test_1_company_registration.py::TestCompanyRegistration::test_company_registration_with_filling_in_all_fields</td>
          <td class="col-duration">26.72</td>
          <td class="col-links"></td></tr>
        <tr>
          <td class="extra" colspan="4">
            <div class="log"> ------------------------------Captured stdout call------------------------------ <br/>https://master.logincasino.work.preprod.pw/en
<br/></div></td></tr></tbody>
      <tbody class="passed results-table-row">
        <tr>
          <td class="col-result">Passed</td>
          <td class="col-name">tests/company/test_1_company_registration.py::TestCompanyRegistration::test_checking_creation_of_user_in_admin_panel</td>
          <td class="col-duration">5.33</td>
          <td class="col-links"></td></tr>
        <tr>
          <td class="extra" colspan="4">
            <div class="empty log">No log output captured.</div></td></tr></tbody>
      <tbody class="passed results-table-row">
        <tr>
          <td class="col-result">Passed</td>
          <td class="col-name">tests/company/test_1_company_registration.py::TestCompanyRegistration::test_changing_user_role_from_user_to_super_admin</td>
          <td class="col-duration">7.39</td>
          <td class="col-links"></td></tr>
        <tr>
          <td class="extra" colspan="4">
            <div class="empty log">No log output captured.</div></td></tr></tbody>
      <tbody class="passed results-table-row">
        <tr>
          <td class="col-result">Passed</td>
          <td class="col-name">tests/company/test_1_company_registration.py::TestCompanyRegistration::test_authorization_of_user_in_disabled_status</td>
          <td class="col-duration">8.02</td>
          <td class="col-links"></td></tr>
        <tr>
          <td class="extra" colspan="4">
            <div class="empty log">No log output captured.</div></td></tr></tbody>
      <tbody class="passed results-table-row">
        <tr>
          <td class="col-result">Passed</td>
          <td class="col-name">tests/company/test_1_company_registration.py::TestCompanyRegistration::test_email_verification_after_company_registration</td>
          <td class="col-duration">8.31</td>
          <td class="col-links"></td></tr>
        <tr>
          <td class="extra" colspan="4">
            <div class="empty log">No log output captured.</div></td></tr></tbody>
      <tbody class="passed results-table-row">
        <tr>
          <td class="col-result">Passed</td>
          <td class="col-name">tests/company/test_1_company_registration.py::TestCompanyRegistration::test_authorization_of_user_in_on_moderation_status</td>
          <td class="col-duration">8.94</td>
          <td class="col-links"></td></tr>
        <tr>
          <td class="extra" colspan="4">
            <div class="empty log">No log output captured.</div></td></tr></tbody>
      <tbody class="passed results-table-row">
        <tr>
          <td class="col-result">Passed</td>
          <td class="col-name">tests/company/test_1_company_registration.py::TestCompanyRegistration::test_change_of_employer_status_from_on_moderation_to_aktivet_ua</td>
          <td class="col-duration">13.07</td>
          <td class="col-links"></td></tr>
        <tr>
          <td class="extra" colspan="4">
            <div class="empty log">No log output captured.</div></td></tr></tbody>
      <tbody class="passed results-table-row">
        <tr>
          <td class="col-result">Passed</td>
          <td class="col-name">tests/company/test_1_company_registration.py::TestCompanyRegistration::test_checking_letter_after_first_moderation_ru</td>
          <td class="col-duration">6.86</td>
          <td class="col-links"></td></tr>
        <tr>
          <td class="extra" colspan="4">
            <div class="empty log">No log output captured.</div></td></tr></tbody>
      <tbody class="passed results-table-row">
        <tr>
          <td class="col-result">Passed</td>
          <td class="col-name">tests/company/test_2_0_verification_of_saving_data_entered_by_user_after_company_registration.py::test_verification_of_saving_data_entered_by_user_after_company_registration</td>
          <td class="col-duration">6.21</td>
          <td class="col-links"></td></tr>
        <tr>
          <td class="extra" colspan="4">
            <div class="empty log">No log output captured.</div></td></tr></tbody>
      <tbody class="passed results-table-row">
        <tr>
          <td class="col-result">Passed</td>
          <td class="col-name">tests/company/test_2_1_block_of_contacts_on_resume_page.py::test_block_of_contacts_on_resume_page</td>
          <td class="col-duration">31.56</td>
          <td class="col-links"></td></tr>
        <tr>
          <td class="extra" colspan="4">
            <div class="empty log">No log output captured.</div></td></tr></tbody>
      <tbody class="passed results-table-row">
        <tr>
          <td class="col-result">Passed</td>
          <td class="col-name">tests/company/test_2_2_adding_vacancy_to_draft_and_deletion_it.py::TestAddingVacancyToDraft::test_checking_adding_vacancy_to_draft</td>
          <td class="col-duration">26.39</td>
          <td class="col-links"></td></tr>
        <tr>
          <td class="extra" colspan="4">
            <div class="empty log">No log output captured.</div></td></tr></tbody>
      <tbody class="passed results-table-row">
        <tr>
          <td class="col-result">Passed</td>
          <td class="col-name">tests/company/test_3_0_1_package_purchase_1_vacancy.py::TestPackagePurchase1Vacancy::test_package_purchase_1_vacancy_and_orders_processing_and_activating_it_on_site</td>
          <td class="col-duration">74.01</td>
          <td class="col-links"></td></tr>
        <tr>
          <td class="extra" colspan="4">
            <div class="empty log">No log output captured.</div></td></tr></tbody>
      <tbody class="passed results-table-row">
        <tr>
          <td class="col-result">Passed</td>
          <td class="col-name">tests/company/test_3_0_1_package_purchase_1_vacancy.py::TestPackagePurchase1Vacancy::test_checking_letter_after_order_processing</td>
          <td class="col-duration">2.39</td>
          <td class="col-links"></td></tr>
        <tr>
          <td class="extra" colspan="4">
            <div class="empty log">No log output captured.</div></td></tr></tbody>
      <tbody class="passed results-table-row">
        <tr>
          <td class="col-result">Passed</td>
          <td class="col-name">tests/company/test_3_0_1_package_purchase_1_vacancy.py::TestPackagePurchase1Vacancy::test_complete_deletion_of_user_orders</td>
          <td class="col-duration">5.03</td>
          <td class="col-links"></td></tr>
        <tr>
          <td class="extra" colspan="4">
            <div class="empty log">No log output captured.</div></td></tr></tbody>
      <tbody class="passed results-table-row">
        <tr>
          <td class="col-result">Passed</td>
          <td class="col-name">tests/company/test_3_0_2_package_purchase_standart_1_vacancy.py::TestPackagePurchaseStandart1Vacancy::test_package_purchase_standart_and_orders_processing_and_activating_it_on_site</td>
          <td class="col-duration">42.72</td>
          <td class="col-links"></td></tr>
        <tr>
          <td class="extra" colspan="4">
            <div class="empty log">No log output captured.</div></td></tr></tbody>
      <tbody class="passed results-table-row">
        <tr>
          <td class="col-result">Passed</td>
          <td class="col-name">tests/company/test_3_0_2_package_purchase_standart_1_vacancy.py::TestPackagePurchaseStandart1Vacancy::test_checking_letter_after_order_processing</td>
          <td class="col-duration">2.54</td>
          <td class="col-links"></td></tr>
        <tr>
          <td class="extra" colspan="4">
            <div class="empty log">No log output captured.</div></td></tr></tbody>
      <tbody class="passed results-table-row">
        <tr>
          <td class="col-result">Passed</td>
          <td class="col-name">tests/company/test_3_0_2_package_purchase_standart_1_vacancy.py::TestPackagePurchaseStandart1Vacancy::test_complete_deletion_of_user_orders</td>
          <td class="col-duration">6.22</td>
          <td class="col-links"></td></tr>
        <tr>
          <td class="extra" colspan="4">
            <div class="empty log">No log output captured.</div></td></tr></tbody>
      <tbody class="passed results-table-row">
        <tr>
          <td class="col-result">Passed</td>
          <td class="col-name">tests/company/test_3_0_3_package_purchase_standart_5_vacancy.py::TestPackagePurchaseStandart5Vacancy::test_package_purchase_standart_and_orders_processing_and_activating_it_on_site</td>
          <td class="col-duration">63.75</td>
          <td class="col-links"></td></tr>
        <tr>
          <td class="extra" colspan="4">
            <div class="empty log">No log output captured.</div></td></tr></tbody>
      <tbody class="passed results-table-row">
        <tr>
          <td class="col-result">Passed</td>
          <td class="col-name">tests/company/test_3_0_3_package_purchase_standart_5_vacancy.py::TestPackagePurchaseStandart5Vacancy::test_checking_letter_after_order_processing</td>
          <td class="col-duration">1.84</td>
          <td class="col-links"></td></tr>
        <tr>
          <td class="extra" colspan="4">
            <div class="empty log">No log output captured.</div></td></tr></tbody>
      <tbody class="passed results-table-row">
        <tr>
          <td class="col-result">Passed</td>
          <td class="col-name">tests/company/test_3_0_3_package_purchase_standart_5_vacancy.py::TestPackagePurchaseStandart5Vacancy::test_complete_deletion_of_user_orders</td>
          <td class="col-duration">4.84</td>
          <td class="col-links"></td></tr>
        <tr>
          <td class="extra" colspan="4">
            <div class="empty log">No log output captured.</div></td></tr></tbody>
      <tbody class="passed results-table-row">
        <tr>
          <td class="col-result">Passed</td>
          <td class="col-name">tests/company/test_3_0_package_purchase_help_refugee_with_his_work.py::TestPackagePurchaseHelpRefugeeWithHisWork::test_package_purchase_help_refugee_with_his_work_and_activating_it_on_site</td>
          <td class="col-duration">43.02</td>
          <td class="col-links"></td></tr>
        <tr>
          <td class="extra" colspan="4">
            <div class="empty log">No log output captured.</div></td></tr></tbody>
      <tbody class="passed results-table-row">
        <tr>
          <td class="col-result">Passed</td>
          <td class="col-name">tests/company/test_3_1_vacancy_add.py::test_adding_vacancies</td>
          <td class="col-duration">60.12</td>
          <td class="col-links"></td></tr>
        <tr>
          <td class="extra" colspan="4">
            <div class="empty log">No log output captured.</div></td></tr></tbody>
      <tbody class="passed results-table-row">
        <tr>
          <td class="col-result">Passed</td>
          <td class="col-name">tests/company/test_3_1_vacancy_add.py::test_verification_of_letter_after_publication_of_vacancy</td>
          <td class="col-duration">2.55</td>
          <td class="col-links"></td></tr>
        <tr>
          <td class="extra" colspan="4">
            <div class="empty log">No log output captured.</div></td></tr></tbody>
      <tbody class="passed results-table-row">
        <tr>
          <td class="col-result">Passed</td>
          <td class="col-name">tests/company/test_3_2_0_verification_of_saving_data_entered_by_user_after_vacancy_is_created.py::test_verification_of_saving_data_entered_by_user_after_vacancy_is_created</td>
          <td class="col-duration">6.43</td>
          <td class="col-links"></td></tr>
        <tr>
          <td class="extra" colspan="4">
            <div class="empty log">No log output captured.</div></td></tr></tbody>
      <tbody class="passed results-table-row">
        <tr>
          <td class="col-result">Passed</td>
          <td class="col-name">tests/company/test_3_2_1_checking_status_of_page_response_to_print_pdf.py::test_checking_status_of_page_response_to_print_pdf</td>
          <td class="col-duration">22.30</td>
          <td class="col-links"></td></tr>
        <tr>
          <td class="extra" colspan="4">
            <div class="empty log">No log output captured.</div></td></tr></tbody>
      <tbody class="passed results-table-row">
        <tr>
          <td class="col-result">Passed</td>
          <td class="col-name">tests/company/test_3_3_vacancy_edit.py::test_editing_vacancies</td>
          <td class="col-duration">39.59</td>
          <td class="col-links"></td></tr>
        <tr>
          <td class="extra" colspan="4">
            <div class="empty log">No log output captured.</div></td></tr></tbody>
      <tbody class="passed results-table-row">
        <tr>
          <td class="col-result">Passed</td>
          <td class="col-name">tests/company/test_6_company_edit.py::test_changing_all_company_data</td>
          <td class="col-duration">24.03</td>
          <td class="col-links"></td></tr>
        <tr>
          <td class="extra" colspan="4">
            <div class="empty log">No log output captured.</div></td></tr></tbody>
      <tbody class="passed results-table-row">
        <tr>
          <td class="col-result">Passed</td>
          <td class="col-name">tests/job_seeker/test_1_job_seeker_registration.py::TestJobSeekerRegistration::test_job_seeker_registration_with_filling_in_all_fields</td>
          <td class="col-duration">19.90</td>
          <td class="col-links"></td></tr>
        <tr>
          <td class="extra" colspan="4">
            <div class="empty log">No log output captured.</div></td></tr></tbody>
      <tbody class="passed results-table-row">
        <tr>
          <td class="col-result">Passed</td>
          <td class="col-name">tests/job_seeker/test_1_job_seeker_registration.py::TestJobSeekerRegistration::test_checking_creation_of_user_in_admin_panel</td>
          <td class="col-duration">5.01</td>
          <td class="col-links"></td></tr>
        <tr>
          <td class="extra" colspan="4">
            <div class="empty log">No log output captured.</div></td></tr></tbody>
      <tbody class="passed results-table-row">
        <tr>
          <td class="col-result">Passed</td>
          <td class="col-name">tests/job_seeker/test_1_job_seeker_registration.py::TestJobSeekerRegistration::test_changing_user_role_from_user_to_super_admin</td>
          <td class="col-duration">7.53</td>
          <td class="col-links"></td></tr>
        <tr>
          <td class="extra" colspan="4">
            <div class="empty log">No log output captured.</div></td></tr></tbody>
      <tbody class="passed results-table-row">
        <tr>
          <td class="col-result">Passed</td>
          <td class="col-name">tests/job_seeker/test_1_job_seeker_registration.py::TestJobSeekerRegistration::test_authorization_of_user_in_disabled_status</td>
          <td class="col-duration">8.46</td>
          <td class="col-links"></td></tr>
        <tr>
          <td class="extra" colspan="4">
            <div class="empty log">No log output captured.</div></td></tr></tbody>
      <tbody class="passed results-table-row">
        <tr>
          <td class="col-result">Passed</td>
          <td class="col-name">tests/job_seeker/test_1_job_seeker_registration.py::TestJobSeekerRegistration::test_confirmation_of_registration_of_applicant_and_authorization_on_site</td>
          <td class="col-duration">15.12</td>
          <td class="col-links"></td></tr>
        <tr>
          <td class="extra" colspan="4">
            <div class="empty log">No log output captured.</div></td></tr></tbody>
      <tbody class="passed results-table-row">
        <tr>
          <td class="col-result">Passed</td>
          <td class="col-name">tests/job_seeker/test_1_job_seeker_registration.py::TestJobSeekerRegistration::test_check_that_user_has_status_active</td>
          <td class="col-duration">4.96</td>
          <td class="col-links"></td></tr>
        <tr>
          <td class="extra" colspan="4">
            <div class="empty log">No log output captured.</div></td></tr></tbody>
      <tbody class="passed results-table-row">
        <tr>
          <td class="col-result">Passed</td>
          <td class="col-name">tests/job_seeker/test_2_0_verification_of_saving_data_entered_by_user_after_job_seeker_registration.py::test_verification_of_saving_data_entered_by_user_after_job_seeker_registration</td>
          <td class="col-duration">6.44</td>
          <td class="col-links"></td></tr>
        <tr>
          <td class="extra" colspan="4">
            <div class="empty log">No log output captured.</div></td></tr></tbody>
      <tbody class="passed results-table-row">
        <tr>
          <td class="col-result">Passed</td>
          <td class="col-name">tests/job_seeker/test_2_1_lack_of_contact_block_on_resume_page.py::test_checking_absence_of_block_of_contacts_with_an_authorized_applicant</td>
          <td class="col-duration">32.32</td>
          <td class="col-links"></td></tr>
        <tr>
          <td class="extra" colspan="4">
            <div class="empty log">No log output captured.</div></td></tr></tbody>
      <tbody class="passed results-table-row">
        <tr>
          <td class="col-result">Passed</td>
          <td class="col-name">tests/job_seeker/test_3_1_resume_add.py::TestResumeAdd::test_adding_resume</td>
          <td class="col-duration">59.00</td>
          <td class="col-links"></td></tr>
        <tr>
          <td class="extra" colspan="4">
            <div class="empty log">No log output captured.</div></td></tr></tbody>
      <tbody class="passed results-table-row">
        <tr>
          <td class="col-result">Passed</td>
          <td class="col-name">tests/job_seeker/test_3_1_resume_add.py::TestResumeAdd::test_verification_of_letter_after_publication_of_resume</td>
          <td class="col-duration">2.11</td>
          <td class="col-links"></td></tr>
        <tr>
          <td class="extra" colspan="4">
            <div class="empty log">No log output captured.</div></td></tr></tbody>
      <tbody class="passed results-table-row">
        <tr>
          <td class="col-result">Passed</td>
          <td class="col-name">tests/job_seeker/test_3_2_0_verification_of_saving_data_entered_by_user_after_resume_creation.py::test_verification_of_saving_data_entered_by_user_after_resume_creation</td>
          <td class="col-duration">8.15</td>
          <td class="col-links"></td></tr>
        <tr>
          <td class="extra" colspan="4">
            <div class="empty log">No log output captured.</div></td></tr></tbody>
      <tbody class="passed results-table-row">
        <tr>
          <td class="col-result">Passed</td>
          <td class="col-name">tests/job_seeker/test_3_2_1_checking_status_of_page_response_to_print_pdf.py::test_checking_status_of_page_response_to_print_pdf</td>
          <td class="col-duration">20.39</td>
          <td class="col-links"></td></tr>
        <tr>
          <td class="extra" colspan="4">
            <div class="empty log">No log output captured.</div></td></tr></tbody>
      <tbody class="passed results-table-row">
        <tr>
          <td class="col-result">Passed</td>
          <td class="col-name">tests/job_seeker/test_3_3_resume_edit.py::test_editing_resume</td>
          <td class="col-duration">52.35</td>
          <td class="col-links"></td></tr>
        <tr>
          <td class="extra" colspan="4">
            <div class="empty log">No log output captured.</div></td></tr></tbody>
      <tbody class="passed results-table-row">
        <tr>
          <td class="col-result">Passed</td>
          <td class="col-name">tests/job_seeker/test_8_0_job_seeker_edit.py::test_changing_all_job_seeker_data</td>
          <td class="col-duration">14.98</td>
          <td class="col-links"></td></tr>
        <tr>
          <td class="extra" colspan="4">
            <div class="empty log">No log output captured.</div></td></tr></tbody>
      <tbody class="passed results-table-row">
        <tr>
          <td class="col-result">Passed</td>
          <td class="col-name">tests/job_seeker/test_8_1_verification_of_saving_data_entered_by_user_after_job_seeker_edit.py::test_verification_of_saving_data_entered_by_user_after_job_seeker_edit</td>
          <td class="col-duration">6.03</td>
          <td class="col-links"></td></tr>
        <tr>
          <td class="extra" colspan="4">
            <div class="empty log">No log output captured.</div></td></tr></tbody>
      <tbody class="passed results-table-row">
        <tr>
          <td class="col-result">Passed</td>
          <td class="col-name">tests/job_seeker/test_8_2_resume_2_add.py::TestResume2Add::test_adding_resume_2</td>
          <td class="col-duration">60.71</td>
          <td class="col-links"></td></tr>
        <tr>
          <td class="extra" colspan="4">
            <div class="empty log">No log output captured.</div></td></tr></tbody>
      <tbody class="passed results-table-row">
        <tr>
          <td class="col-result">Passed</td>
          <td class="col-name">tests/job_seeker/test_8_2_resume_3_add.py::TestResume3Add::test_adding_resume_3</td>
          <td class="col-duration">44.09</td>
          <td class="col-links"></td></tr>
        <tr>
          <td class="extra" colspan="4">
            <div class="empty log">No log output captured.</div></td></tr></tbody>
      <tbody class="passed results-table-row">
        <tr>
          <td class="col-result">Passed</td>
          <td class="col-name">tests/job_seeker/test_8_3_adding_resume_to_draft_and_deletion_it.py::TestAddingResumeToDraft::test_checking_adding_resume_to_draft</td>
          <td class="col-duration">25.00</td>
          <td class="col-links"></td></tr>
        <tr>
          <td class="extra" colspan="4">
            <div class="empty log">No log output captured.</div></td></tr></tbody>
      <tbody class="passed results-table-row">
        <tr>
          <td class="col-result">Passed</td>
          <td class="col-name">tests/job_seeker_and_company/test_4_0_feedback_to_vacancy.py::TestResponseToVacancy::test_response_to_vacancy</td>
          <td class="col-duration">31.62</td>
          <td class="col-links"></td></tr>
        <tr>
          <td class="extra" colspan="4">
            <div class="log"> ------------------------------Captured stdout call------------------------------ <br/>Your CV has been sent to an employer!
info_text
<br/></div></td></tr></tbody>
      <tbody class="passed results-table-row">
        <tr>
          <td class="col-result">Passed</td>
          <td class="col-name">tests/job_seeker_and_company/test_4_0_feedback_to_vacancy.py::TestResponseToVacancy::test_company_response_opening</td>
          <td class="col-duration">17.98</td>
          <td class="col-links"></td></tr>
        <tr>
          <td class="extra" colspan="4">
            <div class="empty log">No log output captured.</div></td></tr></tbody>
      <tbody class="passed results-table-row">
        <tr>
          <td class="col-result">Passed</td>
          <td class="col-name">tests/job_seeker_and_company/test_4_1_opening_contacts_in_resume.py::TestBlockOfContactsOnResumePage::test_block_of_contacts_on_resume_page</td>
          <td class="col-duration">24.16</td>
          <td class="col-links"></td></tr>
        <tr>
          <td class="extra" colspan="4">
            <div class="empty log">No log output captured.</div></td></tr></tbody>
      <tbody class="passed results-table-row">
        <tr>
          <td class="col-result">Passed</td>
          <td class="col-name">tests/job_seeker_and_company/test_4_1_opening_contacts_in_resume.py::TestBlockOfContactsOnResumePage::test_checking_reduction_in_number_of_contact_views_in_service_package</td>
          <td class="col-duration">13.45</td>
          <td class="col-links"></td></tr>
        <tr>
          <td class="extra" colspan="4">
            <div class="empty log">No log output captured.</div></td></tr></tbody>
      <tbody class="passed results-table-row">
        <tr>
          <td class="col-result">Passed</td>
          <td class="col-name">tests/job_seeker_and_company/test_4_2_verification_of_contact_block_after_end_of_views.py::TestContactBlockAfterEndOfViews::test_verification_of_contact_block_after_end_of_views</td>
          <td class="col-duration">17.21</td>
          <td class="col-links"></td></tr>
        <tr>
          <td class="extra" colspan="4">
            <div class="empty log">No log output captured.</div></td></tr></tbody>
      <tbody class="passed results-table-row">
        <tr>
          <td class="col-result">Passed</td>
          <td class="col-name">tests/post_conditions/test_1_0_post_conditions_resume.py::TestPostConditionsResume::test_complete_deletion_of_resume_1</td>
          <td class="col-duration">2.66</td>
          <td class="col-links"></td></tr>
        <tr>
          <td class="extra" colspan="4">
            <div class="empty log">No log output captured.</div></td></tr></tbody>
      <tbody class="passed results-table-row">
        <tr>
          <td class="col-result">Passed</td>
          <td class="col-name">tests/post_conditions/test_1_0_post_conditions_resume.py::TestPostConditionsResume::test_complete_deletion_of_resume_2</td>
          <td class="col-duration">2.60</td>
          <td class="col-links"></td></tr>
        <tr>
          <td class="extra" colspan="4">
            <div class="empty log">No log output captured.</div></td></tr></tbody>
      <tbody class="passed results-table-row">
        <tr>
          <td class="col-result">Passed</td>
          <td class="col-name">tests/post_conditions/test_1_0_post_conditions_resume.py::TestPostConditionsResume::test_complete_deletion_of_resume_3</td>
          <td class="col-duration">2.59</td>
          <td class="col-links"></td></tr>
        <tr>
          <td class="extra" colspan="4">
            <div class="empty log">No log output captured.</div></td></tr></tbody>
      <tbody class="passed results-table-row">
        <tr>
          <td class="col-result">Passed</td>
          <td class="col-name">tests/post_conditions/test_1_0_post_conditions_vacancy.py::TestPostConditionsResume::test_complete_deletion_of_vacancy</td>
          <td class="col-duration">2.64</td>
          <td class="col-links"></td></tr>
        <tr>
          <td class="extra" colspan="4">
            <div class="empty log">No log output captured.</div></td></tr></tbody>
      <tbody class="passed results-table-row">
        <tr>
          <td class="col-result">Passed</td>
          <td class="col-name">tests/post_conditions/test_1_0_post_conditions_vacancy.py::TestPostConditionsResume::test_complete_deletion_of_user_orders</td>
          <td class="col-duration">5.46</td>
          <td class="col-links"></td></tr>
        <tr>
          <td class="extra" colspan="4">
            <div class="empty log">No log output captured.</div></td></tr></tbody>
      <tbody class="passed results-table-row">
        <tr>
          <td class="col-result">Passed</td>
          <td class="col-name">tests/post_conditions/test_post_conditions_company.py::test_delete_user</td>
          <td class="col-duration">10.57</td>
          <td class="col-links"></td></tr>
        <tr>
          <td class="extra" colspan="4">
            <div class="empty log">No log output captured.</div></td></tr></tbody>
      <tbody class="passed results-table-row">
        <tr>
          <td class="col-result">Passed</td>
          <td class="col-name">tests/post_conditions/test_post_conditions_job_seeker.py::test_delete_user</td>
          <td class="col-duration">10.11</td>
          <td class="col-links"></td></tr>
        <tr>
          <td class="extra" colspan="4">
            <div class="empty log">No log output captured.</div></td></tr></tbody></table></body></html>